2019-09-08 10:40:38,457 [Worker-2] INFO  c.g.t.t.d.PublishedGradleVersions - Gradle version information cache is up-to-date. Trying to read.
2019-09-08 10:44:44,537 [Worker-6] INFO  o.e.m.c.i.p.ProjectConfigurationManager - Collecting project info '/pom.xml' C:\wamp\www\KalynVna\tools\selenium\kalynvna-panchang-builder\pom.xml
2019-09-08 10:45:00,142 [Worker-6] INFO  o.e.m.c.i.l.LifecycleMappingFactory - Using org.eclipse.m2e.jdt.JarLifecycleMapping lifecycle mapping for MavenProject: kalynvna-tools:kalynvna-panchang-builder:0.0.1-SNAPSHOT @ C:\wamp\www\KalynVna\tools\selenium\kalynvna-panchang-builder\pom.xml.
2019-09-08 10:45:02,576 [Worker-6] INFO  o.e.m.j.i.AbstractJavaProjectConfigurator - Adding source folder /kalynvna-panchang-builder/src/main/java
2019-09-08 10:45:02,612 [Worker-6] INFO  o.e.m.j.i.AbstractJavaProjectConfigurator - Adding source folder /kalynvna-panchang-builder/src/test/java
2019-09-08 10:45:02,758 [Worker-6] INFO  o.e.m.c.i.p.ProjectConfigurationManager - Imported and configured 1 project(s) in 18 sec
2019-09-08 10:45:07,417 [Worker-6] INFO  o.e.m.c.i.embedder.EclipseLogger - Using 'UTF-8' encoding to copy filtered resources.
2019-09-08 10:45:07,417 [Worker-6] INFO  o.e.m.c.i.embedder.EclipseLogger - skip non existing resourceDirectory C:\wamp\www\KalynVna\tools\selenium\kalynvna-panchang-builder\src\main\resources
2019-09-08 10:45:07,421 [Worker-6] INFO  o.e.m.c.i.embedder.EclipseLogger - Using 'UTF-8' encoding to copy filtered resources.
2019-09-08 10:45:07,422 [Worker-6] INFO  o.e.m.c.i.embedder.EclipseLogger - skip non existing resourceDirectory C:\wamp\www\KalynVna\tools\selenium\kalynvna-panchang-builder\src\test\resources
2019-09-08 10:48:38,698 [Worker-13] INFO  o.e.m.c.i.l.LifecycleMappingFactory - Using org.eclipse.m2e.jdt.JarLifecycleMapping lifecycle mapping for MavenProject: kalynvna-tools:kalynvna-panchang-builder:0.0.1-SNAPSHOT @ C:\wamp\www\KalynVna\tools\selenium\kalynvna-panchang-builder\pom.xml.
2019-09-08 10:48:40,718 [Worker-13] INFO  o.e.m.c.i.e.AbstractTransferListenerAdapter - Downloading https://repo.maven.apache.org/maven2/org/seleniumhq/selenium/selenium-java/3.14.0/selenium-java-3.14.0.pom
2019-09-08 10:48:41,049 [Worker-13] INFO  o.e.m.c.i.e.AbstractTransferListenerAdapter - Downloaded https://repo.maven.apache.org/maven2/org/seleniumhq/selenium/selenium-java/3.14.0/selenium-java-3.14.0.pom
2019-09-08 10:48:41,803 [Worker-13] INFO  o.e.m.c.i.e.AbstractTransferListenerAdapter - Downloading https://repo.maven.apache.org/maven2/org/seleniumhq/selenium/selenium-api/3.14.0/selenium-api-3.14.0.pom
2019-09-08 10:48:42,020 [Worker-13] INFO  o.e.m.c.i.e.AbstractTransferListenerAdapter - Downloaded https://repo.maven.apache.org/maven2/org/seleniumhq/selenium/selenium-api/3.14.0/selenium-api-3.14.0.pom
2019-09-08 10:48:42,332 [Worker-13] INFO  o.e.m.c.i.e.AbstractTransferListenerAdapter - Downloading https://repo.maven.apache.org/maven2/org/seleniumhq/selenium/selenium-chrome-driver/3.14.0/selenium-chrome-driver-3.14.0.pom
2019-09-08 10:48:42,523 [Worker-13] INFO  o.e.m.c.i.e.AbstractTransferListenerAdapter - Downloaded https://repo.maven.apache.org/maven2/org/seleniumhq/selenium/selenium-chrome-driver/3.14.0/selenium-chrome-driver-3.14.0.pom
2019-09-08 10:48:42,863 [Worker-13] INFO  o.e.m.c.i.e.AbstractTransferListenerAdapter - Downloading https://repo.maven.apache.org/maven2/org/seleniumhq/selenium/selenium-remote-driver/3.14.0/selenium-remote-driver-3.14.0.pom
2019-09-08 10:48:43,032 [Worker-13] INFO  o.e.m.c.i.e.AbstractTransferListenerAdapter - Downloaded https://repo.maven.apache.org/maven2/org/seleniumhq/selenium/selenium-remote-driver/3.14.0/selenium-remote-driver-3.14.0.pom
2019-09-08 10:48:43,233 [Worker-13] INFO  o.e.m.c.i.e.AbstractTransferListenerAdapter - Downloading https://repo.maven.apache.org/maven2/net/bytebuddy/byte-buddy/1.8.15/byte-buddy-1.8.15.pom
2019-09-08 10:48:43,562 [Worker-13] INFO  o.e.m.c.i.e.AbstractTransferListenerAdapter - Downloaded https://repo.maven.apache.org/maven2/net/bytebuddy/byte-buddy/1.8.15/byte-buddy-1.8.15.pom
2019-09-08 10:48:43,853 [Worker-13] INFO  o.e.m.c.i.e.AbstractTransferListenerAdapter - Downloading https://repo.maven.apache.org/maven2/net/bytebuddy/byte-buddy-parent/1.8.15/byte-buddy-parent-1.8.15.pom
2019-09-08 10:48:44,179 [Worker-13] INFO  o.e.m.c.i.e.AbstractTransferListenerAdapter - Downloaded https://repo.maven.apache.org/maven2/net/bytebuddy/byte-buddy-parent/1.8.15/byte-buddy-parent-1.8.15.pom
2019-09-08 10:48:44,441 [Worker-13] INFO  o.e.m.c.i.e.AbstractTransferListenerAdapter - Downloading https://repo.maven.apache.org/maven2/org/apache/commons/commons-exec/1.3/commons-exec-1.3.pom
2019-09-08 10:48:44,606 [Worker-13] INFO  o.e.m.c.i.e.AbstractTransferListenerAdapter - Downloaded https://repo.maven.apache.org/maven2/org/apache/commons/commons-exec/1.3/commons-exec-1.3.pom
2019-09-08 10:48:45,305 [Worker-13] INFO  o.e.m.c.i.e.AbstractTransferListenerAdapter - Downloading https://repo.maven.apache.org/maven2/com/google/guava/guava/25.0-jre/guava-25.0-jre.pom
2019-09-08 10:48:45,495 [Worker-13] INFO  o.e.m.c.i.e.AbstractTransferListenerAdapter - Downloaded https://repo.maven.apache.org/maven2/com/google/guava/guava/25.0-jre/guava-25.0-jre.pom
2019-09-08 10:48:45,715 [Worker-13] INFO  o.e.m.c.i.e.AbstractTransferListenerAdapter - Downloading https://repo.maven.apache.org/maven2/com/google/guava/guava-parent/25.0-jre/guava-parent-25.0-jre.pom
2019-09-08 10:48:45,901 [Worker-13] INFO  o.e.m.c.i.e.AbstractTransferListenerAdapter - Downloaded https://repo.maven.apache.org/maven2/com/google/guava/guava-parent/25.0-jre/guava-parent-25.0-jre.pom
2019-09-08 10:48:46,194 [Worker-13] INFO  o.e.m.c.i.e.AbstractTransferListenerAdapter - Downloading https://repo.maven.apache.org/maven2/com/google/code/findbugs/jsr305/1.3.9/jsr305-1.3.9.pom
2019-09-08 10:48:46,368 [Worker-13] INFO  o.e.m.c.i.e.AbstractTransferListenerAdapter - Downloaded https://repo.maven.apache.org/maven2/com/google/code/findbugs/jsr305/1.3.9/jsr305-1.3.9.pom
2019-09-08 10:48:47,195 [Worker-13] INFO  o.e.m.c.i.e.AbstractTransferListenerAdapter - Downloading https://repo.maven.apache.org/maven2/org/checkerframework/checker-compat-qual/2.0.0/checker-compat-qual-2.0.0.pom
2019-09-08 10:48:47,355 [Worker-13] INFO  o.e.m.c.i.e.AbstractTransferListenerAdapter - Downloaded https://repo.maven.apache.org/maven2/org/checkerframework/checker-compat-qual/2.0.0/checker-compat-qual-2.0.0.pom
2019-09-08 10:48:47,562 [Worker-13] INFO  o.e.m.c.i.e.AbstractTransferListenerAdapter - Downloading https://repo.maven.apache.org/maven2/com/google/errorprone/error_prone_annotations/2.1.3/error_prone_annotations-2.1.3.pom
2019-09-08 10:48:47,744 [Worker-13] INFO  o.e.m.c.i.e.AbstractTransferListenerAdapter - Downloaded https://repo.maven.apache.org/maven2/com/google/errorprone/error_prone_annotations/2.1.3/error_prone_annotations-2.1.3.pom
2019-09-08 10:48:47,964 [Worker-13] INFO  o.e.m.c.i.e.AbstractTransferListenerAdapter - Downloading https://repo.maven.apache.org/maven2/com/google/errorprone/error_prone_parent/2.1.3/error_prone_parent-2.1.3.pom
2019-09-08 10:48:48,119 [Worker-13] INFO  o.e.m.c.i.e.AbstractTransferListenerAdapter - Downloaded https://repo.maven.apache.org/maven2/com/google/errorprone/error_prone_parent/2.1.3/error_prone_parent-2.1.3.pom
2019-09-08 10:48:48,371 [Worker-13] INFO  o.e.m.c.i.e.AbstractTransferListenerAdapter - Downloading https://repo.maven.apache.org/maven2/com/google/j2objc/j2objc-annotations/1.1/j2objc-annotations-1.1.pom
2019-09-08 10:48:48,569 [Worker-13] INFO  o.e.m.c.i.e.AbstractTransferListenerAdapter - Downloaded https://repo.maven.apache.org/maven2/com/google/j2objc/j2objc-annotations/1.1/j2objc-annotations-1.1.pom
2019-09-08 10:48:48,795 [Worker-13] INFO  o.e.m.c.i.e.AbstractTransferListenerAdapter - Downloading https://repo.maven.apache.org/maven2/org/codehaus/mojo/animal-sniffer-annotations/1.14/animal-sniffer-annotations-1.14.pom
2019-09-08 10:48:48,948 [Worker-13] INFO  o.e.m.c.i.e.AbstractTransferListenerAdapter - Downloaded https://repo.maven.apache.org/maven2/org/codehaus/mojo/animal-sniffer-annotations/1.14/animal-sniffer-annotations-1.14.pom
2019-09-08 10:48:49,144 [Worker-13] INFO  o.e.m.c.i.e.AbstractTransferListenerAdapter - Downloading https://repo.maven.apache.org/maven2/org/codehaus/mojo/animal-sniffer-parent/1.14/animal-sniffer-parent-1.14.pom
2019-09-08 10:48:49,299 [Worker-13] INFO  o.e.m.c.i.e.AbstractTransferListenerAdapter - Downloaded https://repo.maven.apache.org/maven2/org/codehaus/mojo/animal-sniffer-parent/1.14/animal-sniffer-parent-1.14.pom
2019-09-08 10:48:49,516 [Worker-13] INFO  o.e.m.c.i.e.AbstractTransferListenerAdapter - Downloading https://repo.maven.apache.org/maven2/org/codehaus/mojo/mojo-parent/34/mojo-parent-34.pom
2019-09-08 10:48:49,686 [Worker-13] INFO  o.e.m.c.i.e.AbstractTransferListenerAdapter - Downloaded https://repo.maven.apache.org/maven2/org/codehaus/mojo/mojo-parent/34/mojo-parent-34.pom
2019-09-08 10:48:49,912 [Worker-13] INFO  o.e.m.c.i.e.AbstractTransferListenerAdapter - Downloading https://repo.maven.apache.org/maven2/org/codehaus/codehaus-parent/4/codehaus-parent-4.pom
2019-09-08 10:48:50,079 [Worker-13] INFO  o.e.m.c.i.e.AbstractTransferListenerAdapter - Downloaded https://repo.maven.apache.org/maven2/org/codehaus/codehaus-parent/4/codehaus-parent-4.pom
2019-09-08 10:48:50,323 [Worker-13] INFO  o.e.m.c.i.e.AbstractTransferListenerAdapter - Downloading https://repo.maven.apache.org/maven2/org/apache/httpcomponents/httpclient/4.5.5/httpclient-4.5.5.pom
2019-09-08 10:48:50,494 [Worker-13] INFO  o.e.m.c.i.e.AbstractTransferListenerAdapter - Downloaded https://repo.maven.apache.org/maven2/org/apache/httpcomponents/httpclient/4.5.5/httpclient-4.5.5.pom
2019-09-08 10:48:50,717 [Worker-13] INFO  o.e.m.c.i.e.AbstractTransferListenerAdapter - Downloading https://repo.maven.apache.org/maven2/org/apache/httpcomponents/httpcomponents-client/4.5.5/httpcomponents-client-4.5.5.pom
2019-09-08 10:48:51,024 [Worker-13] INFO  o.e.m.c.i.e.AbstractTransferListenerAdapter - Downloaded https://repo.maven.apache.org/maven2/org/apache/httpcomponents/httpcomponents-client/4.5.5/httpcomponents-client-4.5.5.pom
2019-09-08 10:48:51,288 [Worker-13] INFO  o.e.m.c.i.e.AbstractTransferListenerAdapter - Downloading https://repo.maven.apache.org/maven2/org/apache/httpcomponents/httpcomponents-parent/10/httpcomponents-parent-10.pom
2019-09-08 10:48:51,465 [Worker-13] INFO  o.e.m.c.i.e.AbstractTransferListenerAdapter - Downloaded https://repo.maven.apache.org/maven2/org/apache/httpcomponents/httpcomponents-parent/10/httpcomponents-parent-10.pom
2019-09-08 10:48:51,791 [Worker-13] INFO  o.e.m.c.i.e.AbstractTransferListenerAdapter - Downloading https://repo.maven.apache.org/maven2/org/apache/httpcomponents/httpcore/4.4.9/httpcore-4.4.9.pom
2019-09-08 10:48:51,973 [Worker-13] INFO  o.e.m.c.i.e.AbstractTransferListenerAdapter - Downloaded https://repo.maven.apache.org/maven2/org/apache/httpcomponents/httpcore/4.4.9/httpcore-4.4.9.pom
2019-09-08 10:48:52,157 [Worker-13] INFO  o.e.m.c.i.e.AbstractTransferListenerAdapter - Downloading https://repo.maven.apache.org/maven2/org/apache/httpcomponents/httpcomponents-core/4.4.9/httpcomponents-core-4.4.9.pom
2019-09-08 10:48:52,316 [Worker-13] INFO  o.e.m.c.i.e.AbstractTransferListenerAdapter - Downloaded https://repo.maven.apache.org/maven2/org/apache/httpcomponents/httpcomponents-core/4.4.9/httpcomponents-core-4.4.9.pom
2019-09-08 10:48:52,485 [Worker-13] INFO  o.e.m.c.i.e.AbstractTransferListenerAdapter - Downloading https://repo.maven.apache.org/maven2/org/apache/httpcomponents/httpcomponents-parent/9/httpcomponents-parent-9.pom
2019-09-08 10:48:52,720 [Worker-13] INFO  o.e.m.c.i.e.AbstractTransferListenerAdapter - Downloaded https://repo.maven.apache.org/maven2/org/apache/httpcomponents/httpcomponents-parent/9/httpcomponents-parent-9.pom
2019-09-08 10:48:52,984 [Worker-13] INFO  o.e.m.c.i.e.AbstractTransferListenerAdapter - Downloading https://repo.maven.apache.org/maven2/com/squareup/okhttp3/okhttp/3.10.0/okhttp-3.10.0.pom
2019-09-08 10:48:53,139 [Worker-13] INFO  o.e.m.c.i.e.AbstractTransferListenerAdapter - Downloaded https://repo.maven.apache.org/maven2/com/squareup/okhttp3/okhttp/3.10.0/okhttp-3.10.0.pom
2019-09-08 10:48:53,352 [Worker-13] INFO  o.e.m.c.i.e.AbstractTransferListenerAdapter - Downloading https://repo.maven.apache.org/maven2/com/squareup/okhttp3/parent/3.10.0/parent-3.10.0.pom
2019-09-08 10:48:53,712 [Worker-13] INFO  o.e.m.c.i.e.AbstractTransferListenerAdapter - Downloaded https://repo.maven.apache.org/maven2/com/squareup/okhttp3/parent/3.10.0/parent-3.10.0.pom
2019-09-08 10:48:53,915 [Worker-13] INFO  o.e.m.c.i.e.AbstractTransferListenerAdapter - Downloading https://repo.maven.apache.org/maven2/com/squareup/okio/okio/1.14.0/okio-1.14.0.pom
2019-09-08 10:48:54,107 [Worker-13] INFO  o.e.m.c.i.e.AbstractTransferListenerAdapter - Downloaded https://repo.maven.apache.org/maven2/com/squareup/okio/okio/1.14.0/okio-1.14.0.pom
2019-09-08 10:48:54,338 [Worker-13] INFO  o.e.m.c.i.e.AbstractTransferListenerAdapter - Downloading https://repo.maven.apache.org/maven2/com/squareup/okio/okio-parent/1.14.0/okio-parent-1.14.0.pom
2019-09-08 10:48:54,512 [Worker-13] INFO  o.e.m.c.i.e.AbstractTransferListenerAdapter - Downloaded https://repo.maven.apache.org/maven2/com/squareup/okio/okio-parent/1.14.0/okio-parent-1.14.0.pom
2019-09-08 10:48:54,688 [Worker-13] INFO  o.e.m.c.i.e.AbstractTransferListenerAdapter - Downloading https://repo.maven.apache.org/maven2/com/squareup/okio/okio/1.14.1/okio-1.14.1.pom
2019-09-08 10:48:54,851 [Worker-13] INFO  o.e.m.c.i.e.AbstractTransferListenerAdapter - Downloaded https://repo.maven.apache.org/maven2/com/squareup/okio/okio/1.14.1/okio-1.14.1.pom
2019-09-08 10:48:55,046 [Worker-13] INFO  o.e.m.c.i.e.AbstractTransferListenerAdapter - Downloading https://repo.maven.apache.org/maven2/com/squareup/okio/okio-parent/1.14.1/okio-parent-1.14.1.pom
2019-09-08 10:48:55,201 [Worker-13] INFO  o.e.m.c.i.e.AbstractTransferListenerAdapter - Downloaded https://repo.maven.apache.org/maven2/com/squareup/okio/okio-parent/1.14.1/okio-parent-1.14.1.pom
2019-09-08 10:48:55,402 [Worker-13] INFO  o.e.m.c.i.e.AbstractTransferListenerAdapter - Downloading https://repo.maven.apache.org/maven2/org/seleniumhq/selenium/selenium-edge-driver/3.14.0/selenium-edge-driver-3.14.0.pom
2019-09-08 10:48:55,565 [Worker-13] INFO  o.e.m.c.i.e.AbstractTransferListenerAdapter - Downloaded https://repo.maven.apache.org/maven2/org/seleniumhq/selenium/selenium-edge-driver/3.14.0/selenium-edge-driver-3.14.0.pom
2019-09-08 10:48:55,879 [Worker-13] INFO  o.e.m.c.i.e.AbstractTransferListenerAdapter - Downloading https://repo.maven.apache.org/maven2/org/seleniumhq/selenium/selenium-firefox-driver/3.14.0/selenium-firefox-driver-3.14.0.pom
2019-09-08 10:48:56,230 [Worker-13] INFO  o.e.m.c.i.e.AbstractTransferListenerAdapter - Downloaded https://repo.maven.apache.org/maven2/org/seleniumhq/selenium/selenium-firefox-driver/3.14.0/selenium-firefox-driver-3.14.0.pom
2019-09-08 10:48:56,433 [Worker-13] INFO  o.e.m.c.i.e.AbstractTransferListenerAdapter - Downloading https://repo.maven.apache.org/maven2/org/seleniumhq/selenium/selenium-ie-driver/3.14.0/selenium-ie-driver-3.14.0.pom
2019-09-08 10:48:56,595 [Worker-13] INFO  o.e.m.c.i.e.AbstractTransferListenerAdapter - Downloaded https://repo.maven.apache.org/maven2/org/seleniumhq/selenium/selenium-ie-driver/3.14.0/selenium-ie-driver-3.14.0.pom
2019-09-08 10:48:56,797 [Worker-13] INFO  o.e.m.c.i.e.AbstractTransferListenerAdapter - Downloading https://repo.maven.apache.org/maven2/org/seleniumhq/selenium/selenium-opera-driver/3.14.0/selenium-opera-driver-3.14.0.pom
2019-09-08 10:48:56,955 [Worker-13] INFO  o.e.m.c.i.e.AbstractTransferListenerAdapter - Downloaded https://repo.maven.apache.org/maven2/org/seleniumhq/selenium/selenium-opera-driver/3.14.0/selenium-opera-driver-3.14.0.pom
2019-09-08 10:48:57,175 [Worker-13] INFO  o.e.m.c.i.e.AbstractTransferListenerAdapter - Downloading https://repo.maven.apache.org/maven2/org/seleniumhq/selenium/selenium-safari-driver/3.14.0/selenium-safari-driver-3.14.0.pom
2019-09-08 10:48:57,345 [Worker-13] INFO  o.e.m.c.i.e.AbstractTransferListenerAdapter - Downloaded https://repo.maven.apache.org/maven2/org/seleniumhq/selenium/selenium-safari-driver/3.14.0/selenium-safari-driver-3.14.0.pom
2019-09-08 10:48:57,526 [Worker-13] INFO  o.e.m.c.i.e.AbstractTransferListenerAdapter - Downloading https://repo.maven.apache.org/maven2/org/seleniumhq/selenium/selenium-support/3.14.0/selenium-support-3.14.0.pom
2019-09-08 10:48:57,680 [Worker-13] INFO  o.e.m.c.i.e.AbstractTransferListenerAdapter - Downloaded https://repo.maven.apache.org/maven2/org/seleniumhq/selenium/selenium-support/3.14.0/selenium-support-3.14.0.pom
2019-09-08 10:48:58,097 [Worker-13] INFO  o.e.m.c.i.e.AbstractTransferListenerAdapter - Downloading https://repo.maven.apache.org/maven2/org/seleniumhq/selenium/selenium-java/3.14.0/selenium-java-3.14.0.jar
2019-09-08 10:48:58,255 [Worker-13] INFO  o.e.m.c.i.e.AbstractTransferListenerAdapter - Downloaded https://repo.maven.apache.org/maven2/org/seleniumhq/selenium/selenium-java/3.14.0/selenium-java-3.14.0.jar
2019-09-08 10:48:58,405 [Worker-13] INFO  o.e.m.c.i.e.AbstractTransferListenerAdapter - Downloading https://repo.maven.apache.org/maven2/org/seleniumhq/selenium/selenium-api/3.14.0/selenium-api-3.14.0.jar
2019-09-08 10:48:59,042 [Worker-13] INFO  o.e.m.c.i.e.AbstractTransferListenerAdapter - Downloaded https://repo.maven.apache.org/maven2/org/seleniumhq/selenium/selenium-api/3.14.0/selenium-api-3.14.0.jar
2019-09-08 10:48:59,196 [Worker-13] INFO  o.e.m.c.i.e.AbstractTransferListenerAdapter - Downloading https://repo.maven.apache.org/maven2/org/seleniumhq/selenium/selenium-chrome-driver/3.14.0/selenium-chrome-driver-3.14.0.jar
2019-09-08 10:48:59,352 [Worker-13] INFO  o.e.m.c.i.e.AbstractTransferListenerAdapter - Downloaded https://repo.maven.apache.org/maven2/org/seleniumhq/selenium/selenium-chrome-driver/3.14.0/selenium-chrome-driver-3.14.0.jar
2019-09-08 10:48:59,500 [Worker-13] INFO  o.e.m.c.i.e.AbstractTransferListenerAdapter - Downloading https://repo.maven.apache.org/maven2/org/seleniumhq/selenium/selenium-edge-driver/3.14.0/selenium-edge-driver-3.14.0.jar
2019-09-08 10:48:59,686 [Worker-13] INFO  o.e.m.c.i.e.AbstractTransferListenerAdapter - Downloaded https://repo.maven.apache.org/maven2/org/seleniumhq/selenium/selenium-edge-driver/3.14.0/selenium-edge-driver-3.14.0.jar
2019-09-08 10:48:59,838 [Worker-13] INFO  o.e.m.c.i.e.AbstractTransferListenerAdapter - Downloading https://repo.maven.apache.org/maven2/org/seleniumhq/selenium/selenium-firefox-driver/3.14.0/selenium-firefox-driver-3.14.0.jar
2019-09-08 10:49:02,367 [Worker-13] INFO  o.e.m.c.i.e.AbstractTransferListenerAdapter - Downloaded https://repo.maven.apache.org/maven2/org/seleniumhq/selenium/selenium-firefox-driver/3.14.0/selenium-firefox-driver-3.14.0.jar
2019-09-08 10:49:02,521 [Worker-13] INFO  o.e.m.c.i.e.AbstractTransferListenerAdapter - Downloading https://repo.maven.apache.org/maven2/org/seleniumhq/selenium/selenium-ie-driver/3.14.0/selenium-ie-driver-3.14.0.jar
2019-09-08 10:49:02,705 [Worker-13] INFO  o.e.m.c.i.e.AbstractTransferListenerAdapter - Downloaded https://repo.maven.apache.org/maven2/org/seleniumhq/selenium/selenium-ie-driver/3.14.0/selenium-ie-driver-3.14.0.jar
2019-09-08 10:49:02,854 [Worker-13] INFO  o.e.m.c.i.e.AbstractTransferListenerAdapter - Downloading https://repo.maven.apache.org/maven2/org/seleniumhq/selenium/selenium-opera-driver/3.14.0/selenium-opera-driver-3.14.0.jar
2019-09-08 10:49:03,011 [Worker-13] INFO  o.e.m.c.i.e.AbstractTransferListenerAdapter - Downloaded https://repo.maven.apache.org/maven2/org/seleniumhq/selenium/selenium-opera-driver/3.14.0/selenium-opera-driver-3.14.0.jar
2019-09-08 10:49:03,169 [Worker-13] INFO  o.e.m.c.i.e.AbstractTransferListenerAdapter - Downloading https://repo.maven.apache.org/maven2/org/seleniumhq/selenium/selenium-remote-driver/3.14.0/selenium-remote-driver-3.14.0.jar
2019-09-08 10:49:04,830 [Worker-13] INFO  o.e.m.c.i.e.AbstractTransferListenerAdapter - Downloaded https://repo.maven.apache.org/maven2/org/seleniumhq/selenium/selenium-remote-driver/3.14.0/selenium-remote-driver-3.14.0.jar
2019-09-08 10:49:05,011 [Worker-13] INFO  o.e.m.c.i.e.AbstractTransferListenerAdapter - Downloading https://repo.maven.apache.org/maven2/org/seleniumhq/selenium/selenium-safari-driver/3.14.0/selenium-safari-driver-3.14.0.jar
2019-09-08 10:49:05,164 [Worker-13] INFO  o.e.m.c.i.e.AbstractTransferListenerAdapter - Downloaded https://repo.maven.apache.org/maven2/org/seleniumhq/selenium/selenium-safari-driver/3.14.0/selenium-safari-driver-3.14.0.jar
2019-09-08 10:49:05,465 [Worker-13] INFO  o.e.m.c.i.e.AbstractTransferListenerAdapter - Downloading https://repo.maven.apache.org/maven2/org/seleniumhq/selenium/selenium-support/3.14.0/selenium-support-3.14.0.jar
2019-09-08 10:49:06,099 [Worker-13] INFO  o.e.m.c.i.e.AbstractTransferListenerAdapter - Downloaded https://repo.maven.apache.org/maven2/org/seleniumhq/selenium/selenium-support/3.14.0/selenium-support-3.14.0.jar
2019-09-08 10:49:06,267 [Worker-13] INFO  o.e.m.c.i.e.AbstractTransferListenerAdapter - Downloading https://repo.maven.apache.org/maven2/net/bytebuddy/byte-buddy/1.8.15/byte-buddy-1.8.15.jar
2019-09-08 10:49:14,133 [Worker-13] INFO  o.e.m.c.i.e.AbstractTransferListenerAdapter - Downloaded https://repo.maven.apache.org/maven2/net/bytebuddy/byte-buddy/1.8.15/byte-buddy-1.8.15.jar
2019-09-08 10:49:14,302 [Worker-13] INFO  o.e.m.c.i.e.AbstractTransferListenerAdapter - Downloading https://repo.maven.apache.org/maven2/org/apache/commons/commons-exec/1.3/commons-exec-1.3.jar
2019-09-08 10:49:14,540 [Worker-13] INFO  o.e.m.c.i.e.AbstractTransferListenerAdapter - Downloaded https://repo.maven.apache.org/maven2/org/apache/commons/commons-exec/1.3/commons-exec-1.3.jar
2019-09-08 10:49:14,705 [Worker-13] INFO  o.e.m.c.i.e.AbstractTransferListenerAdapter - Downloading https://repo.maven.apache.org/maven2/com/google/guava/guava/25.0-jre/guava-25.0-jre.jar
2019-09-08 10:49:17,428 [Worker-13] INFO  o.e.m.c.i.e.AbstractTransferListenerAdapter - Downloaded https://repo.maven.apache.org/maven2/com/google/guava/guava/25.0-jre/guava-25.0-jre.jar
2019-09-08 10:49:17,580 [Worker-13] INFO  o.e.m.c.i.e.AbstractTransferListenerAdapter - Downloading https://repo.maven.apache.org/maven2/com/google/code/findbugs/jsr305/1.3.9/jsr305-1.3.9.jar
2019-09-08 10:49:17,736 [Worker-13] INFO  o.e.m.c.i.e.AbstractTransferListenerAdapter - Downloaded https://repo.maven.apache.org/maven2/com/google/code/findbugs/jsr305/1.3.9/jsr305-1.3.9.jar
2019-09-08 10:49:17,889 [Worker-13] INFO  o.e.m.c.i.e.AbstractTransferListenerAdapter - Downloading https://repo.maven.apache.org/maven2/org/checkerframework/checker-compat-qual/2.0.0/checker-compat-qual-2.0.0.jar
2019-09-08 10:49:18,045 [Worker-13] INFO  o.e.m.c.i.e.AbstractTransferListenerAdapter - Downloaded https://repo.maven.apache.org/maven2/org/checkerframework/checker-compat-qual/2.0.0/checker-compat-qual-2.0.0.jar
2019-09-08 10:49:18,194 [Worker-13] INFO  o.e.m.c.i.e.AbstractTransferListenerAdapter - Downloading https://repo.maven.apache.org/maven2/com/google/errorprone/error_prone_annotations/2.1.3/error_prone_annotations-2.1.3.jar
2019-09-08 10:49:18,345 [Worker-13] INFO  o.e.m.c.i.e.AbstractTransferListenerAdapter - Downloaded https://repo.maven.apache.org/maven2/com/google/errorprone/error_prone_annotations/2.1.3/error_prone_annotations-2.1.3.jar
2019-09-08 10:49:18,492 [Worker-13] INFO  o.e.m.c.i.e.AbstractTransferListenerAdapter - Downloading https://repo.maven.apache.org/maven2/com/google/j2objc/j2objc-annotations/1.1/j2objc-annotations-1.1.jar
2019-09-08 10:49:18,645 [Worker-13] INFO  o.e.m.c.i.e.AbstractTransferListenerAdapter - Downloaded https://repo.maven.apache.org/maven2/com/google/j2objc/j2objc-annotations/1.1/j2objc-annotations-1.1.jar
2019-09-08 10:49:18,790 [Worker-13] INFO  o.e.m.c.i.e.AbstractTransferListenerAdapter - Downloading https://repo.maven.apache.org/maven2/org/codehaus/mojo/animal-sniffer-annotations/1.14/animal-sniffer-annotations-1.14.jar
2019-09-08 10:49:18,975 [Worker-13] INFO  o.e.m.c.i.e.AbstractTransferListenerAdapter - Downloaded https://repo.maven.apache.org/maven2/org/codehaus/mojo/animal-sniffer-annotations/1.14/animal-sniffer-annotations-1.14.jar
2019-09-08 10:49:19,164 [Worker-13] INFO  o.e.m.c.i.e.AbstractTransferListenerAdapter - Downloading https://repo.maven.apache.org/maven2/org/apache/httpcomponents/httpclient/4.5.5/httpclient-4.5.5.jar
2019-09-08 10:49:20,407 [Worker-13] INFO  o.e.m.c.i.e.AbstractTransferListenerAdapter - Downloaded https://repo.maven.apache.org/maven2/org/apache/httpcomponents/httpclient/4.5.5/httpclient-4.5.5.jar
2019-09-08 10:49:20,565 [Worker-13] INFO  o.e.m.c.i.e.AbstractTransferListenerAdapter - Downloading https://repo.maven.apache.org/maven2/org/apache/httpcomponents/httpcore/4.4.9/httpcore-4.4.9.jar
2019-09-08 10:49:20,933 [Worker-13] INFO  o.e.m.c.i.e.AbstractTransferListenerAdapter - Downloaded https://repo.maven.apache.org/maven2/org/apache/httpcomponents/httpcore/4.4.9/httpcore-4.4.9.jar
2019-09-08 10:49:21,086 [Worker-13] INFO  o.e.m.c.i.e.AbstractTransferListenerAdapter - Downloading https://repo.maven.apache.org/maven2/com/squareup/okhttp3/okhttp/3.10.0/okhttp-3.10.0.jar
2019-09-08 10:49:21,665 [Worker-13] INFO  o.e.m.c.i.e.AbstractTransferListenerAdapter - Downloaded https://repo.maven.apache.org/maven2/com/squareup/okhttp3/okhttp/3.10.0/okhttp-3.10.0.jar
2019-09-08 10:49:21,818 [Worker-13] INFO  o.e.m.c.i.e.AbstractTransferListenerAdapter - Downloading https://repo.maven.apache.org/maven2/com/squareup/okio/okio/1.14.1/okio-1.14.1.jar
2019-09-08 10:49:22,008 [Worker-13] INFO  o.e.m.c.i.e.AbstractTransferListenerAdapter - Downloaded https://repo.maven.apache.org/maven2/com/squareup/okio/okio/1.14.1/okio-1.14.1.jar
2019-09-08 10:49:27,489 [Worker-13] INFO  o.e.m.c.i.embedder.EclipseLogger - Using 'UTF-8' encoding to copy filtered resources.
2019-09-08 10:49:27,490 [Worker-13] INFO  o.e.m.c.i.embedder.EclipseLogger - skip non existing resourceDirectory C:\wamp\www\KalynVna\tools\selenium\kalynvna-panchang-builder\src\main\resources
2019-09-08 10:49:27,494 [Worker-13] INFO  o.e.m.c.i.embedder.EclipseLogger - Using 'UTF-8' encoding to copy filtered resources.
2019-09-08 10:49:27,494 [Worker-13] INFO  o.e.m.c.i.embedder.EclipseLogger - skip non existing resourceDirectory C:\wamp\www\KalynVna\tools\selenium\kalynvna-panchang-builder\src\test\resources
2019-09-08 10:49:29,103 [Worker-7] INFO  o.e.m.c.i.embedder.EclipseLogger - Using 'UTF-8' encoding to copy filtered resources.
2019-09-08 10:49:29,104 [Worker-7] INFO  o.e.m.c.i.embedder.EclipseLogger - skip non existing resourceDirectory C:\wamp\www\KalynVna\tools\selenium\kalynvna-panchang-builder\src\main\resources
2019-09-08 10:49:29,105 [Worker-7] INFO  o.e.m.c.i.embedder.EclipseLogger - Using 'UTF-8' encoding to copy filtered resources.
2019-09-08 10:49:29,106 [Worker-7] INFO  o.e.m.c.i.embedder.EclipseLogger - skip non existing resourceDirectory C:\wamp\www\KalynVna\tools\selenium\kalynvna-panchang-builder\src\test\resources
2019-09-08 12:17:39,698 [Worker-27] INFO  o.e.m.c.i.l.LifecycleMappingFactory - Using org.eclipse.m2e.jdt.JarLifecycleMapping lifecycle mapping for MavenProject: kalynvna-tools:kalynvna-panchang-builder:0.0.1-SNAPSHOT @ C:\wamp\www\KalynVna\tools\selenium\kalynvna-panchang-builder\pom.xml.
2019-09-08 12:17:40,214 [Worker-27] INFO  o.e.m.c.i.embedder.EclipseLogger - Using 'UTF-8' encoding to copy filtered resources.
2019-09-08 12:17:40,215 [Worker-27] INFO  o.e.m.c.i.embedder.EclipseLogger - skip non existing resourceDirectory C:\wamp\www\KalynVna\tools\selenium\kalynvna-panchang-builder\src\main\resources
2019-09-08 12:17:40,218 [Worker-27] INFO  o.e.m.c.i.embedder.EclipseLogger - Using 'UTF-8' encoding to copy filtered resources.
2019-09-08 12:17:40,218 [Worker-27] INFO  o.e.m.c.i.embedder.EclipseLogger - skip non existing resourceDirectory C:\wamp\www\KalynVna\tools\selenium\kalynvna-panchang-builder\src\test\resources
2019-09-08 12:18:13,411 [Worker-36] INFO  o.e.m.c.i.l.LifecycleMappingFactory - Using org.eclipse.m2e.jdt.JarLifecycleMapping lifecycle mapping for MavenProject: kalynvna-tools:kalynvna-panchang-builder:0.0.1-SNAPSHOT @ C:\wamp\www\KalynVna\tools\selenium\kalynvna-panchang-builder\pom.xml.
2019-09-08 12:18:13,741 [Worker-36] INFO  o.e.m.c.i.embedder.EclipseLogger - Using 'UTF-8' encoding to copy filtered resources.
2019-09-08 12:18:13,742 [Worker-36] INFO  o.e.m.c.i.embedder.EclipseLogger - skip non existing resourceDirectory C:\wamp\www\KalynVna\tools\selenium\kalynvna-panchang-builder\src\main\resources
2019-09-08 12:18:13,745 [Worker-36] INFO  o.e.m.c.i.embedder.EclipseLogger - Using 'UTF-8' encoding to copy filtered resources.
2019-09-08 12:18:13,746 [Worker-36] INFO  o.e.m.c.i.embedder.EclipseLogger - skip non existing resourceDirectory C:\wamp\www\KalynVna\tools\selenium\kalynvna-panchang-builder\src\test\resources
2019-09-08 12:19:49,757 [Worker-37] INFO  o.e.m.c.i.embedder.EclipseLogger - Using 'UTF-8' encoding to copy filtered resources.
2019-09-08 12:19:49,758 [Worker-37] INFO  o.e.m.c.i.embedder.EclipseLogger - skip non existing resourceDirectory C:\wamp\www\KalynVna\tools\selenium\kalynvna-panchang-builder\src\main\resources
2019-09-08 12:19:49,759 [Worker-37] INFO  o.e.m.c.i.embedder.EclipseLogger - Using 'UTF-8' encoding to copy filtered resources.
2019-09-08 12:19:49,760 [Worker-37] INFO  o.e.m.c.i.embedder.EclipseLogger - skip non existing resourceDirectory C:\wamp\www\KalynVna\tools\selenium\kalynvna-panchang-builder\src\test\resources
2019-09-08 12:20:01,669 [Worker-36] INFO  o.e.m.c.i.embedder.EclipseLogger - Using 'UTF-8' encoding to copy filtered resources.
2019-09-08 12:20:01,669 [Worker-36] INFO  o.e.m.c.i.embedder.EclipseLogger - skip non existing resourceDirectory C:\wamp\www\KalynVna\tools\selenium\kalynvna-panchang-builder\src\main\resources
2019-09-08 12:20:01,671 [Worker-36] INFO  o.e.m.c.i.embedder.EclipseLogger - Using 'UTF-8' encoding to copy filtered resources.
2019-09-08 12:20:01,671 [Worker-36] INFO  o.e.m.c.i.embedder.EclipseLogger - skip non existing resourceDirectory C:\wamp\www\KalynVna\tools\selenium\kalynvna-panchang-builder\src\test\resources
2019-09-08 12:20:04,120 [Worker-33] INFO  o.e.m.c.i.embedder.EclipseLogger - Using 'UTF-8' encoding to copy filtered resources.
2019-09-08 12:20:04,121 [Worker-33] INFO  o.e.m.c.i.embedder.EclipseLogger - skip non existing resourceDirectory C:\wamp\www\KalynVna\tools\selenium\kalynvna-panchang-builder\src\main\resources
2019-09-08 12:20:04,123 [Worker-33] INFO  o.e.m.c.i.embedder.EclipseLogger - Using 'UTF-8' encoding to copy filtered resources.
2019-09-08 12:20:04,123 [Worker-33] INFO  o.e.m.c.i.embedder.EclipseLogger - skip non existing resourceDirectory C:\wamp\www\KalynVna\tools\selenium\kalynvna-panchang-builder\src\test\resources
2019-09-08 12:20:05,563 [Worker-36] INFO  o.e.m.c.i.embedder.EclipseLogger - Using 'UTF-8' encoding to copy filtered resources.
2019-09-08 12:20:05,563 [Worker-36] INFO  o.e.m.c.i.embedder.EclipseLogger - skip non existing resourceDirectory C:\wamp\www\KalynVna\tools\selenium\kalynvna-panchang-builder\src\main\resources
2019-09-08 12:20:05,565 [Worker-36] INFO  o.e.m.c.i.embedder.EclipseLogger - Using 'UTF-8' encoding to copy filtered resources.
2019-09-08 12:20:05,565 [Worker-36] INFO  o.e.m.c.i.embedder.EclipseLogger - skip non existing resourceDirectory C:\wamp\www\KalynVna\tools\selenium\kalynvna-panchang-builder\src\test\resources
2019-09-08 12:21:04,405 [Worker-35] INFO  o.e.m.c.i.embedder.EclipseLogger - Using 'UTF-8' encoding to copy filtered resources.
2019-09-08 12:21:04,405 [Worker-35] INFO  o.e.m.c.i.embedder.EclipseLogger - skip non existing resourceDirectory C:\wamp\www\KalynVna\tools\selenium\kalynvna-panchang-builder\src\main\resources
2019-09-08 12:21:04,409 [Worker-35] INFO  o.e.m.c.i.embedder.EclipseLogger - Using 'UTF-8' encoding to copy filtered resources.
2019-09-08 12:21:04,410 [Worker-35] INFO  o.e.m.c.i.embedder.EclipseLogger - skip non existing resourceDirectory C:\wamp\www\KalynVna\tools\selenium\kalynvna-panchang-builder\src\test\resources
2019-09-08 12:22:10,616 [Worker-36] INFO  o.e.m.c.i.embedder.EclipseLogger - Using 'UTF-8' encoding to copy filtered resources.
2019-09-08 12:22:10,616 [Worker-36] INFO  o.e.m.c.i.embedder.EclipseLogger - skip non existing resourceDirectory C:\wamp\www\KalynVna\tools\selenium\kalynvna-panchang-builder\src\main\resources
2019-09-08 12:22:10,619 [Worker-36] INFO  o.e.m.c.i.embedder.EclipseLogger - Using 'UTF-8' encoding to copy filtered resources.
2019-09-08 12:22:10,620 [Worker-36] INFO  o.e.m.c.i.embedder.EclipseLogger - skip non existing resourceDirectory C:\wamp\www\KalynVna\tools\selenium\kalynvna-panchang-builder\src\test\resources
2019-09-08 15:59:57,552 [Worker-1] INFO  c.g.t.t.d.PublishedGradleVersions - Gradle version information cache is up-to-date. Trying to read.
2019-09-08 16:00:24,312 [Worker-4] INFO  o.e.m.c.i.l.LifecycleMappingFactory - Using org.eclipse.m2e.jdt.JarLifecycleMapping lifecycle mapping for MavenProject: kalynvna-tools:kalynvna-panchang-builder:0.0.1-SNAPSHOT @ C:\wamp\www\KalynVna\tools\selenium\kalynvna-panchang-builder\pom.xml.
2019-09-08 16:00:43,968 [Worker-2] INFO  o.e.m.c.i.embedder.EclipseLogger - Using 'UTF-8' encoding to copy filtered resources.
2019-09-08 16:00:43,968 [Worker-2] INFO  o.e.m.c.i.embedder.EclipseLogger - skip non existing resourceDirectory C:\wamp\www\KalynVna\tools\selenium\kalynvna-panchang-builder\src\main\resources
2019-09-08 16:00:43,972 [Worker-2] INFO  o.e.m.c.i.embedder.EclipseLogger - Using 'UTF-8' encoding to copy filtered resources.
2019-09-08 16:00:43,973 [Worker-2] INFO  o.e.m.c.i.embedder.EclipseLogger - skip non existing resourceDirectory C:\wamp\www\KalynVna\tools\selenium\kalynvna-panchang-builder\src\test\resources
2019-09-08 16:25:25,105 [Worker-22] INFO  o.e.m.c.i.embedder.EclipseLogger - Using 'UTF-8' encoding to copy filtered resources.
2019-09-08 16:25:25,106 [Worker-22] INFO  o.e.m.c.i.embedder.EclipseLogger - skip non existing resourceDirectory C:\wamp\www\KalynVna\tools\selenium\kalynvna-panchang-builder\src\main\resources
2019-09-08 16:25:25,108 [Worker-22] INFO  o.e.m.c.i.embedder.EclipseLogger - Using 'UTF-8' encoding to copy filtered resources.
2019-09-08 16:25:25,109 [Worker-22] INFO  o.e.m.c.i.embedder.EclipseLogger - skip non existing resourceDirectory C:\wamp\www\KalynVna\tools\selenium\kalynvna-panchang-builder\src\test\resources
2019-09-08 16:25:35,215 [Worker-22] INFO  o.e.m.c.i.embedder.EclipseLogger - Using 'UTF-8' encoding to copy filtered resources.
2019-09-08 16:25:35,215 [Worker-22] INFO  o.e.m.c.i.embedder.EclipseLogger - skip non existing resourceDirectory C:\wamp\www\KalynVna\tools\selenium\kalynvna-panchang-builder\src\main\resources
2019-09-08 16:25:35,219 [Worker-22] INFO  o.e.m.c.i.embedder.EclipseLogger - Using 'UTF-8' encoding to copy filtered resources.
2019-09-08 16:25:35,219 [Worker-22] INFO  o.e.m.c.i.embedder.EclipseLogger - skip non existing resourceDirectory C:\wamp\www\KalynVna\tools\selenium\kalynvna-panchang-builder\src\test\resources
2019-09-08 16:26:08,444 [Worker-20] INFO  o.e.m.c.i.embedder.EclipseLogger - Using 'UTF-8' encoding to copy filtered resources.
2019-09-08 16:26:08,445 [Worker-20] INFO  o.e.m.c.i.embedder.EclipseLogger - skip non existing resourceDirectory C:\wamp\www\KalynVna\tools\selenium\kalynvna-panchang-builder\src\main\resources
2019-09-08 16:26:08,447 [Worker-20] INFO  o.e.m.c.i.embedder.EclipseLogger - Using 'UTF-8' encoding to copy filtered resources.
2019-09-08 16:26:08,448 [Worker-20] INFO  o.e.m.c.i.embedder.EclipseLogger - skip non existing resourceDirectory C:\wamp\www\KalynVna\tools\selenium\kalynvna-panchang-builder\src\test\resources
2019-09-08 16:26:54,787 [Worker-18] INFO  o.e.m.c.i.embedder.EclipseLogger - Using 'UTF-8' encoding to copy filtered resources.
2019-09-08 16:26:54,788 [Worker-18] INFO  o.e.m.c.i.embedder.EclipseLogger - skip non existing resourceDirectory C:\wamp\www\KalynVna\tools\selenium\kalynvna-panchang-builder\src\main\resources
2019-09-08 16:26:54,790 [Worker-18] INFO  o.e.m.c.i.embedder.EclipseLogger - Using 'UTF-8' encoding to copy filtered resources.
2019-09-08 16:26:54,793 [Worker-18] INFO  o.e.m.c.i.embedder.EclipseLogger - skip non existing resourceDirectory C:\wamp\www\KalynVna\tools\selenium\kalynvna-panchang-builder\src\test\resources
2019-09-08 16:27:07,774 [Worker-20] INFO  o.e.m.c.i.embedder.EclipseLogger - Using 'UTF-8' encoding to copy filtered resources.
2019-09-08 16:27:07,775 [Worker-20] INFO  o.e.m.c.i.embedder.EclipseLogger - skip non existing resourceDirectory C:\wamp\www\KalynVna\tools\selenium\kalynvna-panchang-builder\src\main\resources
2019-09-08 16:27:07,777 [Worker-20] INFO  o.e.m.c.i.embedder.EclipseLogger - Using 'UTF-8' encoding to copy filtered resources.
2019-09-08 16:27:07,777 [Worker-20] INFO  o.e.m.c.i.embedder.EclipseLogger - skip non existing resourceDirectory C:\wamp\www\KalynVna\tools\selenium\kalynvna-panchang-builder\src\test\resources
2019-09-08 16:27:23,609 [Worker-24] INFO  o.e.m.c.i.embedder.EclipseLogger - Using 'UTF-8' encoding to copy filtered resources.
2019-09-08 16:27:23,610 [Worker-24] INFO  o.e.m.c.i.embedder.EclipseLogger - skip non existing resourceDirectory C:\wamp\www\KalynVna\tools\selenium\kalynvna-panchang-builder\src\main\resources
2019-09-08 16:27:23,612 [Worker-24] INFO  o.e.m.c.i.embedder.EclipseLogger - Using 'UTF-8' encoding to copy filtered resources.
2019-09-08 16:27:23,612 [Worker-24] INFO  o.e.m.c.i.embedder.EclipseLogger - skip non existing resourceDirectory C:\wamp\www\KalynVna\tools\selenium\kalynvna-panchang-builder\src\test\resources
2019-09-08 16:27:32,681 [Worker-23] INFO  o.e.m.c.i.embedder.EclipseLogger - Using 'UTF-8' encoding to copy filtered resources.
2019-09-08 16:27:32,682 [Worker-23] INFO  o.e.m.c.i.embedder.EclipseLogger - skip non existing resourceDirectory C:\wamp\www\KalynVna\tools\selenium\kalynvna-panchang-builder\src\main\resources
2019-09-08 16:27:32,686 [Worker-23] INFO  o.e.m.c.i.embedder.EclipseLogger - Using 'UTF-8' encoding to copy filtered resources.
2019-09-08 16:27:32,688 [Worker-23] INFO  o.e.m.c.i.embedder.EclipseLogger - skip non existing resourceDirectory C:\wamp\www\KalynVna\tools\selenium\kalynvna-panchang-builder\src\test\resources
2019-09-08 16:28:07,068 [Worker-22] INFO  o.e.m.c.i.embedder.EclipseLogger - Using 'UTF-8' encoding to copy filtered resources.
2019-09-08 16:28:07,069 [Worker-22] INFO  o.e.m.c.i.embedder.EclipseLogger - skip non existing resourceDirectory C:\wamp\www\KalynVna\tools\selenium\kalynvna-panchang-builder\src\main\resources
2019-09-08 16:28:07,071 [Worker-22] INFO  o.e.m.c.i.embedder.EclipseLogger - Using 'UTF-8' encoding to copy filtered resources.
2019-09-08 16:28:07,072 [Worker-22] INFO  o.e.m.c.i.embedder.EclipseLogger - skip non existing resourceDirectory C:\wamp\www\KalynVna\tools\selenium\kalynvna-panchang-builder\src\test\resources
2019-09-08 16:28:38,701 [Worker-21] INFO  o.e.m.c.i.embedder.EclipseLogger - Using 'UTF-8' encoding to copy filtered resources.
2019-09-08 16:28:38,702 [Worker-21] INFO  o.e.m.c.i.embedder.EclipseLogger - skip non existing resourceDirectory C:\wamp\www\KalynVna\tools\selenium\kalynvna-panchang-builder\src\main\resources
2019-09-08 16:28:38,704 [Worker-21] INFO  o.e.m.c.i.embedder.EclipseLogger - Using 'UTF-8' encoding to copy filtered resources.
2019-09-08 16:28:38,704 [Worker-21] INFO  o.e.m.c.i.embedder.EclipseLogger - skip non existing resourceDirectory C:\wamp\www\KalynVna\tools\selenium\kalynvna-panchang-builder\src\test\resources
2019-09-08 16:29:52,414 [Worker-20] INFO  o.e.m.c.i.embedder.EclipseLogger - Using 'UTF-8' encoding to copy filtered resources.
2019-09-08 16:29:52,414 [Worker-20] INFO  o.e.m.c.i.embedder.EclipseLogger - skip non existing resourceDirectory C:\wamp\www\KalynVna\tools\selenium\kalynvna-panchang-builder\src\main\resources
2019-09-08 16:29:52,417 [Worker-20] INFO  o.e.m.c.i.embedder.EclipseLogger - Using 'UTF-8' encoding to copy filtered resources.
2019-09-08 16:29:52,417 [Worker-20] INFO  o.e.m.c.i.embedder.EclipseLogger - skip non existing resourceDirectory C:\wamp\www\KalynVna\tools\selenium\kalynvna-panchang-builder\src\test\resources
2019-09-08 16:31:14,518 [Worker-23] INFO  o.e.m.c.i.embedder.EclipseLogger - Using 'UTF-8' encoding to copy filtered resources.
2019-09-08 16:31:14,519 [Worker-23] INFO  o.e.m.c.i.embedder.EclipseLogger - skip non existing resourceDirectory C:\wamp\www\KalynVna\tools\selenium\kalynvna-panchang-builder\src\main\resources
2019-09-08 16:31:14,522 [Worker-23] INFO  o.e.m.c.i.embedder.EclipseLogger - Using 'UTF-8' encoding to copy filtered resources.
2019-09-08 16:31:14,522 [Worker-23] INFO  o.e.m.c.i.embedder.EclipseLogger - skip non existing resourceDirectory C:\wamp\www\KalynVna\tools\selenium\kalynvna-panchang-builder\src\test\resources
2019-09-08 16:31:20,028 [Worker-23] INFO  o.e.m.c.i.embedder.EclipseLogger - Using 'UTF-8' encoding to copy filtered resources.
2019-09-08 16:31:20,028 [Worker-23] INFO  o.e.m.c.i.embedder.EclipseLogger - skip non existing resourceDirectory C:\wamp\www\KalynVna\tools\selenium\kalynvna-panchang-builder\src\main\resources
2019-09-08 16:31:20,030 [Worker-23] INFO  o.e.m.c.i.embedder.EclipseLogger - Using 'UTF-8' encoding to copy filtered resources.
2019-09-08 16:31:20,031 [Worker-23] INFO  o.e.m.c.i.embedder.EclipseLogger - skip non existing resourceDirectory C:\wamp\www\KalynVna\tools\selenium\kalynvna-panchang-builder\src\test\resources
2019-09-08 16:31:26,827 [Worker-25] INFO  o.e.m.c.i.embedder.EclipseLogger - Using 'UTF-8' encoding to copy filtered resources.
2019-09-08 16:31:26,827 [Worker-25] INFO  o.e.m.c.i.embedder.EclipseLogger - skip non existing resourceDirectory C:\wamp\www\KalynVna\tools\selenium\kalynvna-panchang-builder\src\main\resources
2019-09-08 16:31:26,829 [Worker-25] INFO  o.e.m.c.i.embedder.EclipseLogger - Using 'UTF-8' encoding to copy filtered resources.
2019-09-08 16:31:26,830 [Worker-25] INFO  o.e.m.c.i.embedder.EclipseLogger - skip non existing resourceDirectory C:\wamp\www\KalynVna\tools\selenium\kalynvna-panchang-builder\src\test\resources
2019-09-08 16:31:53,503 [Worker-4] INFO  o.e.m.c.i.embedder.EclipseLogger - Using 'UTF-8' encoding to copy filtered resources.
2019-09-08 16:31:53,504 [Worker-4] INFO  o.e.m.c.i.embedder.EclipseLogger - skip non existing resourceDirectory C:\wamp\www\KalynVna\tools\selenium\kalynvna-panchang-builder\src\main\resources
2019-09-08 16:31:53,508 [Worker-4] INFO  o.e.m.c.i.embedder.EclipseLogger - Using 'UTF-8' encoding to copy filtered resources.
2019-09-08 16:31:53,509 [Worker-4] INFO  o.e.m.c.i.embedder.EclipseLogger - skip non existing resourceDirectory C:\wamp\www\KalynVna\tools\selenium\kalynvna-panchang-builder\src\test\resources
2019-09-08 16:32:01,091 [Worker-23] INFO  o.e.m.c.i.embedder.EclipseLogger - Using 'UTF-8' encoding to copy filtered resources.
2019-09-08 16:32:01,092 [Worker-23] INFO  o.e.m.c.i.embedder.EclipseLogger - skip non existing resourceDirectory C:\wamp\www\KalynVna\tools\selenium\kalynvna-panchang-builder\src\main\resources
2019-09-08 16:32:01,096 [Worker-23] INFO  o.e.m.c.i.embedder.EclipseLogger - Using 'UTF-8' encoding to copy filtered resources.
2019-09-08 16:32:01,096 [Worker-23] INFO  o.e.m.c.i.embedder.EclipseLogger - skip non existing resourceDirectory C:\wamp\www\KalynVna\tools\selenium\kalynvna-panchang-builder\src\test\resources
2019-09-08 16:32:23,949 [Worker-21] INFO  o.e.m.c.i.embedder.EclipseLogger - Using 'UTF-8' encoding to copy filtered resources.
2019-09-08 16:32:23,949 [Worker-21] INFO  o.e.m.c.i.embedder.EclipseLogger - skip non existing resourceDirectory C:\wamp\www\KalynVna\tools\selenium\kalynvna-panchang-builder\src\main\resources
2019-09-08 16:32:23,951 [Worker-21] INFO  o.e.m.c.i.embedder.EclipseLogger - Using 'UTF-8' encoding to copy filtered resources.
2019-09-08 16:32:23,952 [Worker-21] INFO  o.e.m.c.i.embedder.EclipseLogger - skip non existing resourceDirectory C:\wamp\www\KalynVna\tools\selenium\kalynvna-panchang-builder\src\test\resources
2019-09-08 16:33:02,315 [Worker-20] INFO  o.e.m.c.i.embedder.EclipseLogger - Using 'UTF-8' encoding to copy filtered resources.
2019-09-08 16:33:02,316 [Worker-20] INFO  o.e.m.c.i.embedder.EclipseLogger - skip non existing resourceDirectory C:\wamp\www\KalynVna\tools\selenium\kalynvna-panchang-builder\src\main\resources
2019-09-08 16:33:02,320 [Worker-20] INFO  o.e.m.c.i.embedder.EclipseLogger - Using 'UTF-8' encoding to copy filtered resources.
2019-09-08 16:33:02,321 [Worker-20] INFO  o.e.m.c.i.embedder.EclipseLogger - skip non existing resourceDirectory C:\wamp\www\KalynVna\tools\selenium\kalynvna-panchang-builder\src\test\resources
2019-09-08 16:34:22,345 [Worker-4] INFO  o.e.m.c.i.embedder.EclipseLogger - Using 'UTF-8' encoding to copy filtered resources.
2019-09-08 16:34:22,345 [Worker-4] INFO  o.e.m.c.i.embedder.EclipseLogger - skip non existing resourceDirectory C:\wamp\www\KalynVna\tools\selenium\kalynvna-panchang-builder\src\main\resources
2019-09-08 16:34:22,352 [Worker-4] INFO  o.e.m.c.i.embedder.EclipseLogger - Using 'UTF-8' encoding to copy filtered resources.
2019-09-08 16:34:22,353 [Worker-4] INFO  o.e.m.c.i.embedder.EclipseLogger - skip non existing resourceDirectory C:\wamp\www\KalynVna\tools\selenium\kalynvna-panchang-builder\src\test\resources
2019-09-08 16:34:41,297 [Worker-21] INFO  o.e.m.c.i.embedder.EclipseLogger - Using 'UTF-8' encoding to copy filtered resources.
2019-09-08 16:34:41,297 [Worker-21] INFO  o.e.m.c.i.embedder.EclipseLogger - skip non existing resourceDirectory C:\wamp\www\KalynVna\tools\selenium\kalynvna-panchang-builder\src\main\resources
2019-09-08 16:34:41,298 [Worker-21] INFO  o.e.m.c.i.embedder.EclipseLogger - Using 'UTF-8' encoding to copy filtered resources.
2019-09-08 16:34:41,299 [Worker-21] INFO  o.e.m.c.i.embedder.EclipseLogger - skip non existing resourceDirectory C:\wamp\www\KalynVna\tools\selenium\kalynvna-panchang-builder\src\test\resources
2019-09-08 16:34:44,519 [Worker-27] INFO  o.e.m.c.i.embedder.EclipseLogger - Using 'UTF-8' encoding to copy filtered resources.
2019-09-08 16:34:44,520 [Worker-27] INFO  o.e.m.c.i.embedder.EclipseLogger - skip non existing resourceDirectory C:\wamp\www\KalynVna\tools\selenium\kalynvna-panchang-builder\src\main\resources
2019-09-08 16:34:44,522 [Worker-27] INFO  o.e.m.c.i.embedder.EclipseLogger - Using 'UTF-8' encoding to copy filtered resources.
2019-09-08 16:34:44,522 [Worker-27] INFO  o.e.m.c.i.embedder.EclipseLogger - skip non existing resourceDirectory C:\wamp\www\KalynVna\tools\selenium\kalynvna-panchang-builder\src\test\resources
2019-09-08 16:35:09,510 [Worker-23] INFO  o.e.m.c.i.embedder.EclipseLogger - Using 'UTF-8' encoding to copy filtered resources.
2019-09-08 16:35:09,510 [Worker-23] INFO  o.e.m.c.i.embedder.EclipseLogger - skip non existing resourceDirectory C:\wamp\www\KalynVna\tools\selenium\kalynvna-panchang-builder\src\main\resources
2019-09-08 16:35:09,512 [Worker-23] INFO  o.e.m.c.i.embedder.EclipseLogger - Using 'UTF-8' encoding to copy filtered resources.
2019-09-08 16:35:09,513 [Worker-23] INFO  o.e.m.c.i.embedder.EclipseLogger - skip non existing resourceDirectory C:\wamp\www\KalynVna\tools\selenium\kalynvna-panchang-builder\src\test\resources
2019-09-08 16:35:22,857 [Worker-29] INFO  o.e.m.c.i.embedder.EclipseLogger - Using 'UTF-8' encoding to copy filtered resources.
2019-09-08 16:35:22,858 [Worker-29] INFO  o.e.m.c.i.embedder.EclipseLogger - skip non existing resourceDirectory C:\wamp\www\KalynVna\tools\selenium\kalynvna-panchang-builder\src\main\resources
2019-09-08 16:35:22,861 [Worker-29] INFO  o.e.m.c.i.embedder.EclipseLogger - Using 'UTF-8' encoding to copy filtered resources.
2019-09-08 16:35:22,861 [Worker-29] INFO  o.e.m.c.i.embedder.EclipseLogger - skip non existing resourceDirectory C:\wamp\www\KalynVna\tools\selenium\kalynvna-panchang-builder\src\test\resources
2019-09-08 16:35:45,732 [Worker-24] INFO  o.e.m.c.i.embedder.EclipseLogger - Using 'UTF-8' encoding to copy filtered resources.
2019-09-08 16:35:45,733 [Worker-24] INFO  o.e.m.c.i.embedder.EclipseLogger - skip non existing resourceDirectory C:\wamp\www\KalynVna\tools\selenium\kalynvna-panchang-builder\src\main\resources
2019-09-08 16:35:45,736 [Worker-24] INFO  o.e.m.c.i.embedder.EclipseLogger - Using 'UTF-8' encoding to copy filtered resources.
2019-09-08 16:35:45,737 [Worker-24] INFO  o.e.m.c.i.embedder.EclipseLogger - skip non existing resourceDirectory C:\wamp\www\KalynVna\tools\selenium\kalynvna-panchang-builder\src\test\resources
2019-09-08 16:38:45,158 [Worker-25] INFO  o.e.m.c.i.embedder.EclipseLogger - Using 'UTF-8' encoding to copy filtered resources.
2019-09-08 16:38:45,158 [Worker-25] INFO  o.e.m.c.i.embedder.EclipseLogger - skip non existing resourceDirectory C:\wamp\www\KalynVna\tools\selenium\kalynvna-panchang-builder\src\main\resources
2019-09-08 16:38:45,160 [Worker-25] INFO  o.e.m.c.i.embedder.EclipseLogger - Using 'UTF-8' encoding to copy filtered resources.
2019-09-08 16:38:45,160 [Worker-25] INFO  o.e.m.c.i.embedder.EclipseLogger - skip non existing resourceDirectory C:\wamp\www\KalynVna\tools\selenium\kalynvna-panchang-builder\src\test\resources
