

Version:	3.12
CmdLine:	C:\wamp\www\KalynVna\data-secure-client\kv-dsc\kalyanaveena-data-security.exe --l4j-debug
WOW64:		yes
Create mutex:	AppName
Working dir:	C:\wamp\www\KalynVna\data-secure-client\kv-dsc\.
Java min ver:	1.006.000
Java max ver:	1.008.000
Bundled JRE:	jre
Check launcher:	C:\wamp\www\KalynVna\data-secure-client\kv-dsc\jre\bin\javaw.exe (OK)
Heap -Xms:	Requested 1024 MB / 0%, Available: 1126 MB, Heap size: 1024 MB
Heap -Xmx:	Requested 1024 MB / 0%, Available: 1126 MB, Heap size: 1024 MB
Substitute:	HOME = 
Main class:	anups.jfx.kv.dsc.app.Main
Info:		Classpath not defined.
Launcher:	C:\wamp\www\KalynVna\data-secure-client\kv-dsc\jre\bin\javaw.exe
Launcher args:	-Xms1024m -Xmx1024m -Denv.home="" -classpath "C:\wamp\www\KalynVna\data-secure-client\kv-dsc\kalyanaveena-data-security.exe" anups.jfx.kv.dsc.app.Main
Args length:	150/32768 chars
Exit code:	0


Version:	3.12
CmdLine:	C:\wamp\www\KalynVna\data-secure-client\kv-dsc\kalyanaveena-data-security.exe --l4j-debug
WOW64:		yes
Create mutex:	AppName
Working dir:	C:\wamp\www\KalynVna\data-secure-client\kv-dsc\.
Java min ver:	1.006.000
Java max ver:	1.008.000
Bundled JRE:	jre
Check launcher:	C:\wamp\www\KalynVna\data-secure-client\kv-dsc\jre\bin\javaw.exe (OK)
Heap -Xms:	Requested 1024 MB / 0%, Available: 1871 MB, Heap size: 1024 MB
Heap -Xmx:	Requested 1024 MB / 0%, Available: 1871 MB, Heap size: 1024 MB
Substitute:	HOME = 
Main class:	anups.jfx.kv.dsc.app.Main
Info:		Classpath not defined.
Launcher:	C:\wamp\www\KalynVna\data-secure-client\kv-dsc\jre\bin\javaw.exe
Launcher args:	-Xms1024m -Xmx1024m -Denv.home="" -classpath "C:\wamp\www\KalynVna\data-secure-client\kv-dsc\kalyanaveena-data-security.exe" anups.jfx.kv.dsc.app.Main
Args length:	150/32768 chars
Exit code:	0


Version:	3.12
CmdLine:	C:\wamp\www\KalynVna\data-secure-client\kv-dsc\kalyanaveena-data-security.exe --l4j-debug
WOW64:		yes
Create mutex:	AppName
Working dir:	C:\wamp\www\KalynVna\data-secure-client\kv-dsc\.
Java min ver:	1.006.000
Java max ver:	1.008.000
Bundled JRE:	jre
Check launcher:	C:\wamp\www\KalynVna\data-secure-client\kv-dsc\jre\bin\javaw.exe (OK)
Heap -Xms:	Requested 1024 MB / 0%, Available: 1856 MB, Heap size: 1024 MB
Heap -Xmx:	Requested 1024 MB / 0%, Available: 1856 MB, Heap size: 1024 MB
Substitute:	HOME = 
Main class:	anups.jfx.kv.dsc.app.Main
Info:		Classpath not defined.
Launcher:	C:\wamp\www\KalynVna\data-secure-client\kv-dsc\jre\bin\javaw.exe
Launcher args:	-Xms1024m -Xmx1024m -Denv.home="" -classpath "C:\wamp\www\KalynVna\data-secure-client\kv-dsc\kalyanaveena-data-security.exe" anups.jfx.kv.dsc.app.Main
Args length:	150/32768 chars
Exit code:	0


Version:	3.12
CmdLine:	C:\wamp\www\KalynVna\data-secure-client\kv-dsc\kalyanaveena-data-security.exe --l4j-debug
WOW64:		yes
Create mutex:	AppName
Error:		Instance already exists.


Version:	3.12
CmdLine:	C:\wamp\www\KalynVna\data-secure-client\kv-dsc\kalyanaveena-data-security.exe --l4j-debug
WOW64:		yes
Create mutex:	AppName
Error:		Instance already exists.
