Friday 26th October 2018 03:17:35 PM [INFO] ::: [controller.module.app.search.php]  limit_start: 10  limit_end: 20 
Friday 26th October 2018 03:17:36 PM [INFO] ::: [api.database.php]  Database connected Successfully 
Friday 26th October 2018 03:17:41 PM [INFO] ::: [controller.module.app.search.php]  limit_start: 20  limit_end: 30 
Friday 26th October 2018 03:17:42 PM [INFO] ::: [api.database.php]  Database connected Successfully 
Friday 26th October 2018 03:17:47 PM [INFO] ::: [controller.module.app.search.php]  limit_start: 30  limit_end: 32 
Friday 26th October 2018 03:17:48 PM [INFO] ::: [api.database.php]  Database connected Successfully 
Friday 26th October 2018 03:19:33 PM [INFO] ::: [api.database.php]  Database connected Successfully 
Friday 26th October 2018 03:19:33 PM [INFO] ::: [controller.module.app.search.php]  limit_start: 0  limit_end: 10 
Friday 26th October 2018 03:19:34 PM [INFO] ::: [api.database.php]  Database connected Successfully 
Friday 26th October 2018 03:19:37 PM [INFO] ::: [controller.module.app.search.php]  limit_start: 10  limit_end: 20 
Friday 26th October 2018 03:19:38 PM [INFO] ::: [api.database.php]  Database connected Successfully 
Friday 26th October 2018 03:19:43 PM [INFO] ::: [controller.module.app.search.php]  limit_start: 20  limit_end: 30 
Friday 26th October 2018 03:19:44 PM [INFO] ::: [api.database.php]  Database connected Successfully 
Friday 26th October 2018 03:19:48 PM [INFO] ::: [controller.module.app.search.php]  limit_start: 30  limit_end: 32 
Friday 26th October 2018 03:19:49 PM [INFO] ::: [api.database.php]  Database connected Successfully 
Friday 26th October 2018 03:21:20 PM [INFO] ::: [api.database.php]  Database connected Successfully 
Friday 26th October 2018 03:21:20 PM [INFO] ::: [controller.module.app.search.php]  limit_start: 0  limit_end: 10 
Friday 26th October 2018 03:21:21 PM [INFO] ::: [api.database.php]  Database connected Successfully 
Friday 26th October 2018 03:21:37 PM [INFO] ::: [controller.module.app.search.php]  limit_start: 10  limit_end: 20 
Friday 26th October 2018 03:21:38 PM [INFO] ::: [api.database.php]  Database connected Successfully 
Friday 26th October 2018 03:22:03 PM [INFO] ::: [controller.module.app.search.php]  limit_start: 20  limit_end: 30 
Friday 26th October 2018 03:22:04 PM [INFO] ::: [api.database.php]  Database connected Successfully 
Friday 26th October 2018 03:22:09 PM [INFO] ::: [controller.module.app.search.php]  limit_start: 30  limit_end: 32 
Friday 26th October 2018 03:22:10 PM [INFO] ::: [api.database.php]  Database connected Successfully 
Friday 26th October 2018 03:25:44 PM [INFO] ::: [api.database.php]  Database connected Successfully 
Friday 26th October 2018 03:25:44 PM [INFO] ::: [controller.module.app.search.php]  limit_start: 0  limit_end: 10 
Friday 26th October 2018 03:25:45 PM [INFO] ::: [api.database.php]  Database connected Successfully 
Friday 26th October 2018 03:25:56 PM [INFO] ::: [api.database.php]  Database connected Successfully 
Friday 26th October 2018 03:25:56 PM [INFO] ::: [controller.module.app.search.php]  limit_start: 0  limit_end: 10 
Friday 26th October 2018 03:25:57 PM [INFO] ::: [api.database.php]  Database connected Successfully 
Friday 26th October 2018 03:26:27 PM [INFO] ::: [controller.module.app.search.php]  limit_start: 10  limit_end: 10 
Friday 26th October 2018 03:26:28 PM [INFO] ::: [api.database.php]  Database connected Successfully 
Friday 26th October 2018 03:26:42 PM [INFO] ::: [controller.module.app.search.php]  limit_start: 20  limit_end: 10 
Friday 26th October 2018 03:26:43 PM [INFO] ::: [api.database.php]  Database connected Successfully 
Friday 26th October 2018 03:27:17 PM [INFO] ::: [api.database.php]  Database connected Successfully 
Friday 26th October 2018 03:27:18 PM [INFO] ::: [controller.module.app.search.php]  limit_start: 0  limit_end: 9 
Friday 26th October 2018 03:27:19 PM [INFO] ::: [api.database.php]  Database connected Successfully 
Friday 26th October 2018 03:27:22 PM [INFO] ::: [controller.module.app.search.php]  limit_start: 9  limit_end: 9 
Friday 26th October 2018 03:27:23 PM [INFO] ::: [api.database.php]  Database connected Successfully 
Friday 26th October 2018 03:27:26 PM [INFO] ::: [controller.module.app.search.php]  limit_start: 18  limit_end: 9 
Friday 26th October 2018 03:27:27 PM [INFO] ::: [api.database.php]  Database connected Successfully 
Friday 26th October 2018 03:27:30 PM [INFO] ::: [controller.module.app.search.php]  limit_start: 27  limit_end: 9 
Friday 26th October 2018 03:27:31 PM [INFO] ::: [api.database.php]  Database connected Successfully 
Friday 26th October 2018 04:10:20 PM [INFO] ::: [api.database.php]  Database connected Successfully 
Friday 26th October 2018 04:10:20 PM [INFO] ::: [controller.module.app.search.php]  limit_start: 0  limit_end: 9 
Friday 26th October 2018 04:10:21 PM [INFO] ::: [api.database.php]  Database connected Successfully 
Friday 26th October 2018 04:10:26 PM [INFO] ::: [controller.module.app.search.php]  limit_start: 9  limit_end: 9 
Friday 26th October 2018 04:10:27 PM [INFO] ::: [api.database.php]  Database connected Successfully 
Friday 26th October 2018 04:10:31 PM [INFO] ::: [controller.module.app.search.php]  limit_start: 18  limit_end: 9 
Friday 26th October 2018 04:10:32 PM [INFO] ::: [api.database.php]  Database connected Successfully 
Friday 26th October 2018 04:10:35 PM [INFO] ::: [controller.module.app.search.php]  limit_start: 27  limit_end: 9 
Friday 26th October 2018 04:10:36 PM [INFO] ::: [api.database.php]  Database connected Successfully 
Thursday 1st November 2018 03:35:07 PM [INFO] ::: [api.database.php]  Database connected Successfully 
Thursday 1st November 2018 03:35:26 PM [INFO] ::: [api.database.php]  Database connected Successfully 
Thursday 1st November 2018 03:38:33 PM [INFO] ::: [api.database.php]  Database connected Successfully 
Thursday 1st November 2018 03:39:38 PM [INFO] ::: [api.database.php]  Database connected Successfully 
Thursday 1st November 2018 03:40:08 PM [INFO] ::: [api.database.php]  Database connected Successfully 
Thursday 1st November 2018 03:40:16 PM [INFO] ::: [api.database.php]  Database connected Successfully 
Thursday 1st November 2018 03:42:29 PM [INFO] ::: [api.database.php]  Database connected Successfully 
Thursday 1st November 2018 03:49:23 PM [INFO] ::: [api.database.php]  Database connected Successfully 
Thursday 1st November 2018 03:49:38 PM [INFO] ::: [api.database.php]  Database connected Successfully 
Thursday 1st November 2018 03:52:02 PM [INFO] ::: [api.database.php]  Database connected Successfully 
Thursday 1st November 2018 03:57:43 PM [INFO] ::: [api.database.php]  Database connected Successfully 
Thursday 1st November 2018 04:21:01 PM [INFO] ::: [api.database.php]  Database connected Successfully 
Thursday 1st November 2018 04:21:43 PM [INFO] ::: [api.database.php]  Database connected Successfully 
Thursday 1st November 2018 04:43:28 PM [INFO] ::: [api.database.php]  Database connected Successfully 
Thursday 1st November 2018 07:17:53 PM [INFO] ::: [api.database.php]  Database connected Successfully 
Thursday 1st November 2018 07:17:53 PM [INFO] ::: [controller.module.app.search.php]  limit_start: 0  limit_end: 9 
Thursday 1st November 2018 07:17:54 PM [INFO] ::: [api.database.php]  Database connected Successfully 
Thursday 1st November 2018 07:18:59 PM [INFO] ::: [api.database.php]  Database connected Successfully 
Thursday 1st November 2018 07:18:59 PM [INFO] ::: [controller.module.app.search.php]  limit_start: 0  limit_end: 9 
Thursday 1st November 2018 07:19:00 PM [INFO] ::: [api.database.php]  Database connected Successfully 
Thursday 1st November 2018 07:19:42 PM [INFO] ::: [api.database.php]  Database connected Successfully 
Thursday 1st November 2018 07:19:42 PM [INFO] ::: [controller.module.app.search.php]  limit_start: 0  limit_end: 9 
Thursday 1st November 2018 07:19:43 PM [INFO] ::: [api.database.php]  Database connected Successfully 
Thursday 1st November 2018 07:20:18 PM [INFO] ::: [api.database.php]  Database connected Successfully 
Thursday 1st November 2018 07:20:18 PM [INFO] ::: [controller.module.app.search.php]  limit_start: 0  limit_end: 9 
Thursday 1st November 2018 07:20:19 PM [INFO] ::: [api.database.php]  Database connected Successfully 
Thursday 1st November 2018 07:20:41 PM [INFO] ::: [api.database.php]  Database connected Successfully 
Thursday 1st November 2018 07:20:41 PM [INFO] ::: [controller.module.app.search.php]  limit_start: 0  limit_end: 9 
Thursday 1st November 2018 07:20:42 PM [INFO] ::: [api.database.php]  Database connected Successfully 
Thursday 1st November 2018 07:21:02 PM [INFO] ::: [api.database.php]  Database connected Successfully 
Thursday 1st November 2018 07:21:02 PM [INFO] ::: [controller.module.app.search.php]  limit_start: 0  limit_end: 9 
Thursday 1st November 2018 07:21:03 PM [INFO] ::: [api.database.php]  Database connected Successfully 
Thursday 1st November 2018 07:22:46 PM [INFO] ::: [api.database.php]  Database connected Successfully 
Thursday 1st November 2018 07:22:46 PM [INFO] ::: [controller.module.app.search.php]  limit_start: 0  limit_end: 9 
Thursday 1st November 2018 07:22:47 PM [INFO] ::: [api.database.php]  Database connected Successfully 
Thursday 1st November 2018 07:23:05 PM [INFO] ::: [api.database.php]  Database connected Successfully 
Thursday 1st November 2018 07:23:05 PM [INFO] ::: [controller.module.app.search.php]  limit_start: 0  limit_end: 9 
Thursday 1st November 2018 07:23:06 PM [INFO] ::: [api.database.php]  Database connected Successfully 
Thursday 1st November 2018 07:28:01 PM [INFO] ::: [api.database.php]  Database connected Successfully 
Thursday 1st November 2018 07:28:01 PM [INFO] ::: [controller.module.app.search.php]  limit_start: 0  limit_end: 9 
Thursday 1st November 2018 07:28:02 PM [INFO] ::: [api.database.php]  Database connected Successfully 
Thursday 1st November 2018 07:28:31 PM [INFO] ::: [api.database.php]  Database connected Successfully 
Thursday 1st November 2018 07:28:31 PM [INFO] ::: [controller.module.app.search.php]  limit_start: 0  limit_end: 9 
Thursday 1st November 2018 07:28:32 PM [INFO] ::: [api.database.php]  Database connected Successfully 
Thursday 1st November 2018 07:29:36 PM [INFO] ::: [api.database.php]  Database connected Successfully 
Thursday 1st November 2018 07:29:36 PM [INFO] ::: [controller.module.app.search.php]  limit_start: 0  limit_end: 9 
Thursday 1st November 2018 07:29:37 PM [INFO] ::: [api.database.php]  Database connected Successfully 
Thursday 1st November 2018 07:29:43 PM [INFO] ::: [api.database.php]  Database connected Successfully 
Thursday 1st November 2018 07:29:43 PM [INFO] ::: [controller.module.app.search.php]  limit_start: 0  limit_end: 9 
Thursday 1st November 2018 07:29:44 PM [INFO] ::: [api.database.php]  Database connected Successfully 
Thursday 1st November 2018 07:34:59 PM [INFO] ::: [api.database.php]  Database connected Successfully 
Thursday 1st November 2018 07:36:23 PM [INFO] ::: [api.database.php]  Database connected Successfully 
Thursday 1st November 2018 07:36:23 PM [INFO] ::: [controller.module.app.search.php]  limit_start: 0  limit_end: 9 
Thursday 1st November 2018 07:36:24 PM [INFO] ::: [api.database.php]  Database connected Successfully 
Thursday 1st November 2018 07:36:29 PM [INFO] ::: [api.database.php]  Database connected Successfully 
Thursday 1st November 2018 07:36:29 PM [INFO] ::: [controller.module.app.search.php]  limit_start: 0  limit_end: 9 
Thursday 1st November 2018 07:36:30 PM [INFO] ::: [api.database.php]  Database connected Successfully 
Thursday 1st November 2018 07:40:41 PM [INFO] ::: [api.database.php]  Database connected Successfully 
Thursday 1st November 2018 07:41:06 PM [INFO] ::: [api.database.php]  Database connected Successfully 
Thursday 1st November 2018 07:41:06 PM [INFO] ::: [controller.module.app.search.php]  limit_start: 0  limit_end: 9 
Thursday 1st November 2018 07:41:08 PM [INFO] ::: [api.database.php]  Database connected Successfully 
Thursday 1st November 2018 07:41:20 PM [INFO] ::: [api.database.php]  Database connected Successfully 
Thursday 1st November 2018 07:41:20 PM [INFO] ::: [controller.module.app.search.php]  limit_start: 0  limit_end: 9 
Thursday 1st November 2018 07:41:21 PM [INFO] ::: [api.database.php]  Database connected Successfully 
Thursday 1st November 2018 07:41:25 PM [INFO] ::: [api.database.php]  Database connected Successfully 
Thursday 1st November 2018 07:41:31 PM [INFO] ::: [api.database.php]  Database connected Successfully 
Thursday 1st November 2018 07:41:32 PM [INFO] ::: [api.database.php]  Database connected Successfully 
Thursday 1st November 2018 07:41:32 PM [INFO] ::: [controller.module.app.search.php]  limit_start: 0  limit_end: 9 
Thursday 1st November 2018 07:41:33 PM [INFO] ::: [api.database.php]  Database connected Successfully 
Thursday 1st November 2018 07:41:33 PM [INFO] ::: [controller.module.app.search.php]  limit_start: 0  limit_end: 9 
Thursday 1st November 2018 07:41:34 PM [INFO] ::: [api.database.php]  Database connected Successfully 
Thursday 1st November 2018 07:41:34 PM [INFO] ::: [controller.module.app.search.php]  limit_start: 0  limit_end: 9 
Thursday 1st November 2018 07:41:35 PM [INFO] ::: [api.database.php]  Database connected Successfully 
Thursday 1st November 2018 08:28:21 PM [INFO] ::: [api.database.php]  Database connected Successfully 
Thursday 1st November 2018 08:55:04 PM [INFO] ::: [api.database.php]  Database connected Successfully 
Thursday 1st November 2018 08:57:11 PM [INFO] ::: [api.database.php]  Database connected Successfully 
Thursday 1st November 2018 08:57:13 PM [INFO] ::: [api.database.php]  Database connected Successfully 
Thursday 1st November 2018 08:57:17 PM [INFO] ::: [api.database.php]  Database connected Successfully 
Thursday 1st November 2018 09:48:26 PM [INFO] ::: [api.database.php]  Database connected Successfully 
Thursday 1st November 2018 09:48:59 PM [INFO] ::: [api.database.php]  Database connected Successfully 
Thursday 1st November 2018 09:51:54 PM [INFO] ::: [api.database.php]  Database connected Successfully 
Thursday 1st November 2018 09:52:36 PM [INFO] ::: [api.database.php]  Database connected Successfully 
Thursday 1st November 2018 09:53:58 PM [INFO] ::: [api.database.php]  Database connected Successfully 
Thursday 1st November 2018 09:54:32 PM [INFO] ::: [api.database.php]  Database connected Successfully 
Thursday 1st November 2018 10:00:48 PM [INFO] ::: [api.database.php]  Database connected Successfully 
Thursday 1st November 2018 10:00:53 PM [INFO] ::: [api.database.php]  Database connected Successfully 
Thursday 1st November 2018 10:34:08 PM [INFO] ::: [api.database.php]  Database connected Successfully 
Thursday 1st November 2018 10:34:09 PM [INFO] ::: [controller.module.app.search.php]  limit_start: 0  limit_end: 9 
Thursday 1st November 2018 10:34:10 PM [INFO] ::: [api.database.php]  Database connected Successfully 
Friday 2nd November 2018 01:05:53 PM [INFO] ::: [api.database.php]  Database connected Successfully 
Friday 2nd November 2018 01:05:54 PM [INFO] ::: [controller.module.app.search.php]  limit_start: 0  limit_end: 9 
Friday 2nd November 2018 01:05:55 PM [INFO] ::: [api.database.php]  Database connected Successfully 
Friday 2nd November 2018 01:06:04 PM [INFO] ::: [controller.module.app.search.php]  limit_start: 9  limit_end: 9 
Friday 2nd November 2018 01:06:05 PM [INFO] ::: [api.database.php]  Database connected Successfully 
Friday 2nd November 2018 01:06:05 PM [INFO] ::: [controller.module.app.search.php]  limit_start: 18  limit_end: 9 
Friday 2nd November 2018 01:06:06 PM [INFO] ::: [api.database.php]  Database connected Successfully 
Friday 2nd November 2018 01:06:15 PM [INFO] ::: [api.database.php]  Database connected Successfully 
Friday 2nd November 2018 01:06:16 PM [INFO] ::: [api.database.php]  Database connected Successfully 
Friday 2nd November 2018 01:06:17 PM [INFO] ::: [api.database.php]  Database connected Successfully 
Friday 2nd November 2018 01:06:42 PM [INFO] ::: [api.database.php]  Database connected Successfully 
Friday 2nd November 2018 01:06:42 PM [INFO] ::: [controller.module.app.search.php]  limit_start: 0  limit_end: 9 
Friday 2nd November 2018 01:06:43 PM [INFO] ::: [api.database.php]  Database connected Successfully 
Friday 2nd November 2018 01:07:04 PM [INFO] ::: [api.database.php]  Database connected Successfully 
Friday 2nd November 2018 01:07:10 PM [INFO] ::: [api.database.php]  Database connected Successfully 
Friday 2nd November 2018 01:07:10 PM [INFO] ::: [controller.module.app.search.php]  limit_start: 0  limit_end: 9 
Friday 2nd November 2018 01:07:11 PM [INFO] ::: [api.database.php]  Database connected Successfully 
Friday 2nd November 2018 01:07:12 PM [INFO] ::: [api.database.php]  Database connected Successfully 
Friday 2nd November 2018 03:22:03 PM [INFO] ::: [api.database.php]  Database connected Successfully 
Friday 2nd November 2018 03:22:04 PM [INFO] ::: [api.database.php]  Database connected Successfully 
Friday 2nd November 2018 10:25:26 PM [INFO] ::: [api.database.php]  Database connected Successfully 
Friday 2nd November 2018 10:25:27 PM [INFO] ::: [api.database.php]  Database connected Successfully 
Friday 2nd November 2018 10:25:31 PM [INFO] ::: [api.database.php]  Database connected Successfully 
Friday 2nd November 2018 10:25:31 PM [INFO] ::: [controller.module.app.search.php]  limit_start: 0  limit_end: 9 
Friday 2nd November 2018 10:25:32 PM [INFO] ::: [api.database.php]  Database connected Successfully 
Friday 2nd November 2018 10:25:37 PM [INFO] ::: [api.database.php]  Database connected Successfully 
Friday 2nd November 2018 10:25:58 PM [INFO] ::: [api.database.php]  Database connected Successfully 
Friday 2nd November 2018 10:25:59 PM [INFO] ::: [api.database.php]  Database connected Successfully 
Friday 2nd November 2018 10:26:12 PM [INFO] ::: [api.database.php]  Database connected Successfully 
Friday 2nd November 2018 10:26:12 PM [INFO] ::: [controller.module.app.search.php]  limit_start: 0  limit_end: 9 
Friday 2nd November 2018 10:26:13 PM [INFO] ::: [api.database.php]  Database connected Successfully 
Friday 2nd November 2018 10:26:27 PM [INFO] ::: [api.database.php]  Database connected Successfully 
Friday 2nd November 2018 10:28:17 PM [INFO] ::: [api.database.php]  Database connected Successfully 
Friday 2nd November 2018 10:29:05 PM [INFO] ::: [api.database.php]  Database connected Successfully 
Friday 2nd November 2018 10:30:05 PM [INFO] ::: [api.database.php]  Database connected Successfully 
Friday 2nd November 2018 10:30:33 PM [INFO] ::: [api.database.php]  Database connected Successfully 
Friday 2nd November 2018 10:30:43 PM [INFO] ::: [api.database.php]  Database connected Successfully 
Friday 2nd November 2018 10:31:16 PM [INFO] ::: [api.database.php]  Database connected Successfully 
Friday 2nd November 2018 10:31:45 PM [INFO] ::: [api.database.php]  Database connected Successfully 
Friday 2nd November 2018 10:33:11 PM [INFO] ::: [api.database.php]  Database connected Successfully 
Friday 2nd November 2018 10:35:17 PM [INFO] ::: [api.database.php]  Database connected Successfully 
Friday 2nd November 2018 10:37:38 PM [INFO] ::: [api.database.php]  Database connected Successfully 
Friday 2nd November 2018 10:37:39 PM [INFO] ::: [api.database.php]  Database connected Successfully 
Friday 2nd November 2018 10:39:27 PM [INFO] ::: [api.database.php]  Database connected Successfully 
Friday 2nd November 2018 11:31:20 PM [INFO] ::: [api.database.php]  Database connected Successfully 
Friday 2nd November 2018 11:31:30 PM [INFO] ::: [api.database.php]  Database connected Successfully 
Friday 2nd November 2018 11:31:31 PM [INFO] ::: [api.database.php]  Database connected Successfully 
Friday 2nd November 2018 11:31:33 PM [INFO] ::: [api.database.php]  Database connected Successfully 
Friday 2nd November 2018 11:31:34 PM [INFO] ::: [api.database.php]  Database connected Successfully 
Friday 2nd November 2018 11:31:35 PM [INFO] ::: [api.database.php]  Database connected Successfully 
Friday 2nd November 2018 11:31:36 PM [INFO] ::: [api.database.php]  Database connected Successfully 
Friday 2nd November 2018 11:31:37 PM [INFO] ::: [api.database.php]  Database connected Successfully 
Friday 2nd November 2018 11:43:36 PM [INFO] ::: [api.database.php]  Database connected Successfully 
Friday 2nd November 2018 11:43:37 PM [INFO] ::: [api.database.php]  Database connected Successfully 
Friday 2nd November 2018 11:43:38 PM [INFO] ::: [api.database.php]  Database connected Successfully 
Friday 2nd November 2018 11:43:39 PM [INFO] ::: [api.database.php]  Database connected Successfully 
Friday 2nd November 2018 11:43:40 PM [INFO] ::: [api.database.php]  Database connected Successfully 
Friday 2nd November 2018 11:43:41 PM [INFO] ::: [api.database.php]  Database connected Successfully 
Friday 2nd November 2018 11:43:42 PM [INFO] ::: [api.database.php]  Database connected Successfully 
Friday 2nd November 2018 11:44:48 PM [INFO] ::: [api.database.php]  Database connected Successfully 
Friday 2nd November 2018 11:44:49 PM [INFO] ::: [api.database.php]  Database connected Successfully 
Friday 2nd November 2018 11:44:50 PM [INFO] ::: [api.database.php]  Database connected Successfully 
Friday 2nd November 2018 11:44:51 PM [INFO] ::: [api.database.php]  Database connected Successfully 
Friday 2nd November 2018 11:44:52 PM [INFO] ::: [api.database.php]  Database connected Successfully 
Friday 2nd November 2018 11:44:53 PM [INFO] ::: [api.database.php]  Database connected Successfully 
Friday 2nd November 2018 11:44:54 PM [INFO] ::: [api.database.php]  Database connected Successfully 
Friday 2nd November 2018 11:48:06 PM [INFO] ::: [api.database.php]  Database connected Successfully 
Friday 2nd November 2018 11:48:06 PM [INFO] ::: [controller.module.app.search.php]  limit_start: 0  limit_end: 9 
Friday 2nd November 2018 11:48:07 PM [INFO] ::: [api.database.php]  Database connected Successfully 
Friday 2nd November 2018 11:48:08 PM [INFO] ::: [controller.module.app.search.php]  limit_start: 9  limit_end: 9 
Friday 2nd November 2018 11:48:09 PM [INFO] ::: [api.database.php]  Database connected Successfully 
Friday 2nd November 2018 11:48:09 PM [INFO] ::: [controller.module.app.search.php]  limit_start: 18  limit_end: 9 
Friday 2nd November 2018 11:48:10 PM [INFO] ::: [api.database.php]  Database connected Successfully 
Friday 2nd November 2018 11:48:10 PM [INFO] ::: [controller.module.app.search.php]  limit_start: 27  limit_end: 9 
Friday 2nd November 2018 11:48:11 PM [INFO] ::: [api.database.php]  Database connected Successfully 
Saturday 3rd November 2018 12:43:30 AM [INFO] ::: [api.database.php]  Database connected Successfully 
Saturday 3rd November 2018 12:43:51 AM [INFO] ::: [api.database.php]  Database connected Successfully 
Saturday 3rd November 2018 12:54:51 AM [INFO] ::: [api.database.php]  Database connected Successfully 
Saturday 3rd November 2018 12:56:00 AM [INFO] ::: [api.database.php]  Database connected Successfully 
Saturday 3rd November 2018 12:59:01 AM [INFO] ::: [api.database.php]  Database connected Successfully 
Saturday 3rd November 2018 12:59:01 AM [INFO] ::: [controller.module.app.search.php]  limit_start: 0  limit_end: 9 
Saturday 3rd November 2018 12:59:02 AM [INFO] ::: [api.database.php]  Database connected Successfully 
Sunday 11th November 2018 01:22:35 PM [INFO] ::: [api.database.php]  Database connected Successfully 
Sunday 11th November 2018 01:22:35 PM [INFO] ::: [controller.module.app.search.php]  limit_start: 0  limit_end: 9 
Sunday 11th November 2018 01:22:36 PM [INFO] ::: [api.database.php]  Database connected Successfully 
Sunday 11th November 2018 01:23:03 PM [INFO] ::: [api.database.php]  Database connected Successfully 
Sunday 11th November 2018 01:23:11 PM [INFO] ::: [api.database.php]  Database connected Successfully 
Sunday 11th November 2018 01:23:53 PM [INFO] ::: [api.database.php]  Database connected Successfully 
Sunday 11th November 2018 01:26:15 PM [INFO] ::: [api.database.php]  Database connected Successfully 
Sunday 11th November 2018 01:26:15 PM [INFO] ::: [controller.module.app.search.php]  limit_start: 0  limit_end: 9 
Sunday 11th November 2018 01:26:16 PM [INFO] ::: [api.database.php]  Database connected Successfully 
Sunday 11th November 2018 01:26:31 PM [INFO] ::: [api.database.php]  Database connected Successfully 
Sunday 11th November 2018 01:27:03 PM [INFO] ::: [api.database.php]  Database connected Successfully 
Sunday 11th November 2018 01:27:03 PM [INFO] ::: [controller.module.app.search.php]  limit_start: 0  limit_end: 9 
Sunday 11th November 2018 01:27:04 PM [INFO] ::: [api.database.php]  Database connected Successfully 
Sunday 11th November 2018 01:27:05 PM [INFO] ::: [api.database.php]  Database connected Successfully 
Sunday 11th November 2018 01:27:05 PM [INFO] ::: [controller.module.app.search.php]  limit_start: 0  limit_end: 9 
Sunday 11th November 2018 01:27:06 PM [INFO] ::: [api.database.php]  Database connected Successfully 
Sunday 11th November 2018 01:27:19 PM [INFO] ::: [api.database.php]  Database connected Successfully 
Sunday 11th November 2018 01:27:42 PM [INFO] ::: [api.database.php]  Database connected Successfully 
Sunday 11th November 2018 01:27:42 PM [INFO] ::: [controller.module.app.search.php]  limit_start: 0  limit_end: 9 
Sunday 11th November 2018 01:27:43 PM [INFO] ::: [api.database.php]  Database connected Successfully 
Sunday 11th November 2018 01:27:49 PM [INFO] ::: [api.database.php]  Database connected Successfully 
Sunday 11th November 2018 01:29:13 PM [INFO] ::: [api.database.php]  Database connected Successfully 
Sunday 11th November 2018 01:29:13 PM [INFO] ::: [controller.module.app.search.php]  limit_start: 0  limit_end: 9 
Sunday 11th November 2018 01:29:14 PM [INFO] ::: [api.database.php]  Database connected Successfully 
Sunday 11th November 2018 01:29:23 PM [INFO] ::: [api.database.php]  Database connected Successfully 
Sunday 11th November 2018 01:29:34 PM [INFO] ::: [api.database.php]  Database connected Successfully 
Sunday 11th November 2018 02:00:31 PM [INFO] ::: [api.database.php]  Database connected Successfully 
Sunday 11th November 2018 02:12:10 PM [INFO] ::: [api.database.php]  Database connected Successfully 
Sunday 11th November 2018 02:12:26 PM [INFO] ::: [api.database.php]  Database connected Successfully 
Sunday 11th November 2018 02:12:30 PM [INFO] ::: [api.database.php]  Database connected Successfully 
Sunday 11th November 2018 02:16:22 PM [INFO] ::: [api.database.php]  Database connected Successfully 
Sunday 11th November 2018 02:17:37 PM [INFO] ::: [api.database.php]  Database connected Successfully 
Sunday 11th November 2018 02:18:20 PM [INFO] ::: [api.database.php]  Database connected Successfully 
Sunday 11th November 2018 02:18:56 PM [INFO] ::: [api.database.php]  Database connected Successfully 
Sunday 11th November 2018 02:22:21 PM [INFO] ::: [api.database.php]  Database connected Successfully 
Sunday 11th November 2018 02:25:43 PM [INFO] ::: [api.database.php]  Database connected Successfully 
Sunday 11th November 2018 02:26:07 PM [INFO] ::: [api.database.php]  Database connected Successfully 
Sunday 11th November 2018 02:26:26 PM [INFO] ::: [api.database.php]  Database connected Successfully 
Sunday 11th November 2018 02:27:34 PM [INFO] ::: [api.database.php]  Database connected Successfully 
Sunday 11th November 2018 02:27:34 PM [INFO] ::: [controller.module.app.search.php]  limit_start: 0  limit_end: 9 
Sunday 11th November 2018 02:27:35 PM [INFO] ::: [api.database.php]  Database connected Successfully 
Sunday 11th November 2018 02:27:47 PM [INFO] ::: [api.database.php]  Database connected Successfully 
Sunday 11th November 2018 02:29:01 PM [INFO] ::: [api.database.php]  Database connected Successfully 
Sunday 11th November 2018 02:30:13 PM [INFO] ::: [api.database.php]  Database connected Successfully 
Sunday 11th November 2018 02:33:20 PM [INFO] ::: [api.database.php]  Database connected Successfully 
Sunday 11th November 2018 02:34:33 PM [INFO] ::: [api.database.php]  Database connected Successfully 
Sunday 11th November 2018 02:34:44 PM [INFO] ::: [api.database.php]  Database connected Successfully 
Sunday 11th November 2018 02:34:55 PM [INFO] ::: [api.database.php]  Database connected Successfully 
Sunday 11th November 2018 02:42:20 PM [INFO] ::: [api.database.php]  Database connected Successfully 
Sunday 11th November 2018 02:42:50 PM [INFO] ::: [api.database.php]  Database connected Successfully 
Sunday 11th November 2018 02:43:05 PM [INFO] ::: [api.database.php]  Database connected Successfully 
Sunday 11th November 2018 02:44:08 PM [INFO] ::: [api.database.php]  Database connected Successfully 
Sunday 11th November 2018 03:06:21 PM [INFO] ::: [api.database.php]  Database connected Successfully 
Sunday 11th November 2018 03:07:06 PM [INFO] ::: [api.database.php]  Database connected Successfully 
Sunday 11th November 2018 03:14:47 PM [INFO] ::: [api.database.php]  Database connected Successfully 
Sunday 11th November 2018 03:15:14 PM [INFO] ::: [api.database.php]  Database connected Successfully 
Sunday 11th November 2018 03:16:18 PM [INFO] ::: [api.database.php]  Database connected Successfully 
Sunday 11th November 2018 03:16:30 PM [INFO] ::: [api.database.php]  Database connected Successfully 
Sunday 11th November 2018 03:17:22 PM [INFO] ::: [api.database.php]  Database connected Successfully 
Sunday 11th November 2018 03:18:44 PM [INFO] ::: [api.database.php]  Database connected Successfully 
Sunday 11th November 2018 03:18:58 PM [INFO] ::: [api.database.php]  Database connected Successfully 
Sunday 11th November 2018 03:21:02 PM [INFO] ::: [api.database.php]  Database connected Successfully 
Sunday 11th November 2018 03:21:17 PM [INFO] ::: [api.database.php]  Database connected Successfully 
Sunday 11th November 2018 03:22:03 PM [INFO] ::: [api.database.php]  Database connected Successfully 
Sunday 11th November 2018 03:23:27 PM [INFO] ::: [api.database.php]  Database connected Successfully 
Sunday 11th November 2018 03:23:43 PM [INFO] ::: [api.database.php]  Database connected Successfully 
Sunday 11th November 2018 03:23:43 PM [INFO] ::: [controller.module.app.search.php]  limit_start: 0  limit_end: 9 
Sunday 11th November 2018 03:23:44 PM [INFO] ::: [api.database.php]  Database connected Successfully 
Sunday 11th November 2018 03:25:00 PM [INFO] ::: [api.database.php]  Database connected Successfully 
Sunday 11th November 2018 03:25:10 PM [INFO] ::: [api.database.php]  Database connected Successfully 
Sunday 11th November 2018 03:25:11 PM [INFO] ::: [api.database.php]  Database connected Successfully 
Sunday 11th November 2018 03:25:12 PM [INFO] ::: [api.database.php]  Database connected Successfully 
Sunday 11th November 2018 03:25:16 PM [INFO] ::: [api.database.php]  Database connected Successfully 
Sunday 11th November 2018 03:25:17 PM [INFO] ::: [controller.module.app.search.php]  limit_start: 0  limit_end: 9 
Sunday 11th November 2018 03:25:18 PM [INFO] ::: [api.database.php]  Database connected Successfully 
Sunday 11th November 2018 03:27:30 PM [INFO] ::: [api.database.php]  Database connected Successfully 
Sunday 11th November 2018 03:27:30 PM [INFO] ::: [controller.module.app.search.php]  limit_start: 0  limit_end: 9 
Sunday 11th November 2018 03:27:31 PM [INFO] ::: [api.database.php]  Database connected Successfully 
Sunday 11th November 2018 03:28:33 PM [INFO] ::: [api.database.php]  Database connected Successfully 
Sunday 11th November 2018 03:28:33 PM [INFO] ::: [controller.module.app.search.php]  limit_start: 0  limit_end: 9 
Sunday 11th November 2018 03:28:34 PM [INFO] ::: [api.database.php]  Database connected Successfully 
Sunday 11th November 2018 03:28:37 PM [INFO] ::: [api.database.php]  Database connected Successfully 
Sunday 11th November 2018 03:28:37 PM [INFO] ::: [controller.module.app.search.php]  limit_start: 0  limit_end: 9 
Sunday 11th November 2018 03:28:38 PM [INFO] ::: [api.database.php]  Database connected Successfully 
Sunday 11th November 2018 03:28:54 PM [INFO] ::: [api.database.php]  Database connected Successfully 
Sunday 11th November 2018 03:28:54 PM [INFO] ::: [controller.module.app.search.php]  limit_start: 0  limit_end: 9 
Sunday 11th November 2018 03:28:55 PM [INFO] ::: [api.database.php]  Database connected Successfully 
Sunday 11th November 2018 03:28:57 PM [INFO] ::: [api.database.php]  Database connected Successfully 
Sunday 11th November 2018 03:29:35 PM [INFO] ::: [api.database.php]  Database connected Successfully 
Sunday 11th November 2018 03:30:18 PM [INFO] ::: [api.database.php]  Database connected Successfully 
Sunday 11th November 2018 03:30:32 PM [INFO] ::: [api.database.php]  Database connected Successfully 
Sunday 11th November 2018 03:30:32 PM [INFO] ::: [controller.module.app.search.php]  limit_start: 0  limit_end: 9 
Sunday 11th November 2018 03:30:33 PM [INFO] ::: [api.database.php]  Database connected Successfully 
Sunday 11th November 2018 03:30:36 PM [INFO] ::: [controller.module.app.search.php]  limit_start: 9  limit_end: 9 
Sunday 11th November 2018 03:30:37 PM [INFO] ::: [api.database.php]  Database connected Successfully 
Sunday 11th November 2018 03:30:37 PM [INFO] ::: [controller.module.app.search.php]  limit_start: 18  limit_end: 9 
Sunday 11th November 2018 03:30:38 PM [INFO] ::: [api.database.php]  Database connected Successfully 
Sunday 11th November 2018 03:31:02 PM [INFO] ::: [api.database.php]  Database connected Successfully 
Sunday 11th November 2018 03:31:02 PM [INFO] ::: [controller.module.app.search.php]  limit_start: 0  limit_end: 9 
Sunday 11th November 2018 03:31:03 PM [INFO] ::: [api.database.php]  Database connected Successfully 
Sunday 11th November 2018 03:32:11 PM [INFO] ::: [api.database.php]  Database connected Successfully 
Sunday 11th November 2018 03:32:11 PM [INFO] ::: [controller.module.app.search.php]  limit_start: 0  limit_end: 9 
Sunday 11th November 2018 03:32:12 PM [INFO] ::: [api.database.php]  Database connected Successfully 
Sunday 11th November 2018 03:38:36 PM [INFO] ::: [api.database.php]  Database connected Successfully 
Sunday 11th November 2018 03:38:36 PM [INFO] ::: [controller.module.app.search.php]  limit_start: 0  limit_end: 9 
Sunday 11th November 2018 03:38:37 PM [INFO] ::: [api.database.php]  Database connected Successfully 
Sunday 11th November 2018 03:40:01 PM [INFO] ::: [api.database.php]  Database connected Successfully 
Sunday 11th November 2018 03:40:01 PM [INFO] ::: [controller.module.app.search.php]  limit_start: 0  limit_end: 9 
Sunday 11th November 2018 03:40:02 PM [INFO] ::: [api.database.php]  Database connected Successfully 
Sunday 11th November 2018 03:40:18 PM [INFO] ::: [api.database.php]  Database connected Successfully 
Sunday 11th November 2018 03:40:18 PM [INFO] ::: [controller.module.app.search.php]  limit_start: 0  limit_end: 9 
Sunday 11th November 2018 03:40:19 PM [INFO] ::: [api.database.php]  Database connected Successfully 
Sunday 11th November 2018 03:41:50 PM [INFO] ::: [api.database.php]  Database connected Successfully 
Sunday 11th November 2018 03:41:50 PM [INFO] ::: [controller.module.app.search.php]  limit_start: 0  limit_end: 9 
Sunday 11th November 2018 03:41:51 PM [INFO] ::: [api.database.php]  Database connected Successfully 
Sunday 11th November 2018 03:42:11 PM [INFO] ::: [api.database.php]  Database connected Successfully 
Sunday 11th November 2018 03:42:11 PM [INFO] ::: [controller.module.app.search.php]  limit_start: 0  limit_end: 9 
Sunday 11th November 2018 03:42:12 PM [INFO] ::: [api.database.php]  Database connected Successfully 
Sunday 11th November 2018 03:50:15 PM [INFO] ::: [api.database.php]  Database connected Successfully 
Sunday 11th November 2018 03:50:15 PM [INFO] ::: [controller.module.app.search.php]  limit_start: 0  limit_end: 9 
Sunday 11th November 2018 03:50:16 PM [INFO] ::: [api.database.php]  Database connected Successfully 
Sunday 11th November 2018 03:50:18 PM [INFO] ::: [api.database.php]  Database connected Successfully 
Sunday 11th November 2018 03:51:10 PM [INFO] ::: [api.database.php]  Database connected Successfully 
Sunday 11th November 2018 03:52:26 PM [INFO] ::: [api.database.php]  Database connected Successfully 
Sunday 11th November 2018 03:52:36 PM [INFO] ::: [api.database.php]  Database connected Successfully 
Sunday 11th November 2018 03:52:36 PM [INFO] ::: [controller.module.app.search.php]  limit_start: 0  limit_end: 9 
Sunday 11th November 2018 03:52:37 PM [INFO] ::: [api.database.php]  Database connected Successfully 
Sunday 11th November 2018 03:53:02 PM [INFO] ::: [api.database.php]  Database connected Successfully 
Sunday 11th November 2018 03:53:02 PM [INFO] ::: [controller.module.app.search.php]  limit_start: 0  limit_end: 9 
Sunday 11th November 2018 03:53:03 PM [INFO] ::: [api.database.php]  Database connected Successfully 
Sunday 11th November 2018 03:54:20 PM [INFO] ::: [api.database.php]  Database connected Successfully 
Sunday 11th November 2018 03:54:43 PM [INFO] ::: [api.database.php]  Database connected Successfully 
Sunday 11th November 2018 03:54:43 PM [INFO] ::: [controller.module.app.search.php]  limit_start: 0  limit_end: 9 
Sunday 11th November 2018 03:54:44 PM [INFO] ::: [api.database.php]  Database connected Successfully 
Sunday 11th November 2018 03:56:02 PM [INFO] ::: [api.database.php]  Database connected Successfully 
Sunday 11th November 2018 03:56:02 PM [INFO] ::: [controller.module.app.search.php]  limit_start: 0  limit_end: 9 
Sunday 11th November 2018 03:56:03 PM [INFO] ::: [api.database.php]  Database connected Successfully 
Sunday 11th November 2018 04:12:28 PM [INFO] ::: [api.database.php]  Database connected Successfully 
Sunday 11th November 2018 04:12:32 PM [INFO] ::: [api.database.php]  Database connected Successfully 
Sunday 11th November 2018 04:12:35 PM [INFO] ::: [api.database.php]  Database connected Successfully 
Sunday 11th November 2018 04:12:35 PM [INFO] ::: [controller.module.app.search.php]  limit_start: 0  limit_end: 9 
Sunday 11th November 2018 04:12:36 PM [INFO] ::: [api.database.php]  Database connected Successfully 
Sunday 11th November 2018 04:12:41 PM [INFO] ::: [api.database.php]  Database connected Successfully 
Sunday 11th November 2018 04:12:42 PM [INFO] ::: [api.database.php]  Database connected Successfully 
Sunday 11th November 2018 04:12:42 PM [INFO] ::: [api.database.php]  Query(Status-Error) : INSERT INTO customer_views(view_Id, mob_code, mobile, user_Id, account_ts) VALUES ('CV3933449759855','','','','2018-11-11 16:12:41'); 
Sunday 11th November 2018 04:13:28 PM [INFO] ::: [api.database.php]  Database connected Successfully 
Sunday 11th November 2018 04:13:28 PM [INFO] ::: [controller.module.app.search.php]  limit_start: 0  limit_end: 9 
Sunday 11th November 2018 04:13:29 PM [INFO] ::: [api.database.php]  Database connected Successfully 
Sunday 11th November 2018 04:13:29 PM [INFO] ::: [controller.module.app.search.php]  limit_start: 9  limit_end: 9 
Sunday 11th November 2018 04:13:30 PM [INFO] ::: [api.database.php]  Database connected Successfully 
Sunday 11th November 2018 04:13:33 PM [INFO] ::: [api.database.php]  Database connected Successfully 
Sunday 11th November 2018 04:13:34 PM [INFO] ::: [api.database.php]  Database connected Successfully 
Sunday 11th November 2018 04:13:34 PM [INFO] ::: [api.database.php]  Query(Status-Error) : INSERT INTO customer_views(view_Id, mob_code, mobile, user_Id, account_ts) VALUES ('CV1833631521466','','','','2018-11-11 16:13:33'); 
Sunday 11th November 2018 04:14:53 PM [INFO] ::: [api.database.php]  Database connected Successfully 
Sunday 11th November 2018 04:14:53 PM [INFO] ::: [controller.module.app.search.php]  limit_start: 0  limit_end: 9 
Sunday 11th November 2018 04:14:54 PM [INFO] ::: [api.database.php]  Database connected Successfully 
Sunday 11th November 2018 04:15:00 PM [INFO] ::: [api.database.php]  Database connected Successfully 
Sunday 11th November 2018 04:15:01 PM [INFO] ::: [api.database.php]  Database connected Successfully 
Sunday 11th November 2018 04:15:01 PM [INFO] ::: [api.database.php]  Query(Status-Success) : INSERT INTO customer_views(view_Id, mob_code, mobile, user_Id, account_ts) VALUES ('CV8925798732285','+91','9948390094','CA1121359175732','2018-11-11 16:15:00'); 
Sunday 11th November 2018 04:20:08 PM [INFO] ::: [api.database.php]  Database connected Successfully 
Sunday 11th November 2018 04:20:08 PM [INFO] ::: [controller.module.app.search.php]  limit_start: 0  limit_end: 9 
Sunday 11th November 2018 04:20:09 PM [INFO] ::: [api.database.php]  Database connected Successfully 
Sunday 11th November 2018 04:20:17 PM [INFO] ::: [api.database.php]  Database connected Successfully 
Sunday 11th November 2018 04:20:18 PM [INFO] ::: [api.database.php]  Database connected Successfully 
Sunday 11th November 2018 04:20:18 PM [INFO] ::: [api.database.php]  Query(Status-Success) : INSERT INTO match_fav(fav_Id, mob_code, mobile, favProfile_Id, favOn) VALUES ('','+91','9948390094','CA1121359175732','2018-11-11 16:20:17'); 
Sunday 11th November 2018 04:21:35 PM [INFO] ::: [api.database.php]  Database connected Successfully 
Sunday 11th November 2018 04:22:09 PM [INFO] ::: [controller.module.app.search.php]  limit_start: 9  limit_end: 9 
Sunday 11th November 2018 04:22:10 PM [INFO] ::: [api.database.php]  Database connected Successfully 
Sunday 11th November 2018 04:22:10 PM [INFO] ::: [controller.module.app.search.php]  limit_start: 18  limit_end: 9 
Sunday 11th November 2018 04:22:11 PM [INFO] ::: [api.database.php]  Database connected Successfully 
Sunday 11th November 2018 04:22:14 PM [INFO] ::: [api.database.php]  Database connected Successfully 
Sunday 11th November 2018 04:22:52 PM [INFO] ::: [api.database.php]  Database connected Successfully 
Sunday 11th November 2018 04:24:10 PM [INFO] ::: [api.database.php]  Database connected Successfully 
Sunday 11th November 2018 04:24:11 PM [INFO] ::: [api.database.php]  Database connected Successfully 
Sunday 11th November 2018 04:24:11 PM [INFO] ::: [api.database.php]  Query(Status-Success) : INSERT INTO match_fav(fav_Id, mob_code, mobile, favProfile_Id, favOn) VALUES ('MFI723519127939','+91','9948390094','CA1121359175732','2018-11-11 16:24:10'); 
Sunday 11th November 2018 04:26:05 PM [INFO] ::: [api.database.php]  Database connected Successfully 
Sunday 11th November 2018 04:26:05 PM [INFO] ::: [controller.module.app.search.php]  limit_start: 0  limit_end: 9 
Sunday 11th November 2018 04:26:06 PM [INFO] ::: [api.database.php]  Database connected Successfully 
Sunday 11th November 2018 04:26:06 PM [INFO] ::: [controller.module.app.search.php]  limit_start: 9  limit_end: 9 
Sunday 11th November 2018 04:26:07 PM [INFO] ::: [api.database.php]  Database connected Successfully 
Sunday 11th November 2018 04:29:22 PM [INFO] ::: [api.database.php]  Database connected Successfully 
Sunday 11th November 2018 04:29:22 PM [INFO] ::: [controller.module.app.search.php]  limit_start: 0  limit_end: 9 
Sunday 11th November 2018 04:29:23 PM [INFO] ::: [api.database.php]  Database connected Successfully 
Sunday 11th November 2018 04:29:24 PM [INFO] ::: [controller.module.app.search.php]  limit_start: 9  limit_end: 9 
Sunday 11th November 2018 04:29:25 PM [INFO] ::: [api.database.php]  Database connected Successfully 
Sunday 11th November 2018 04:29:26 PM [INFO] ::: [controller.module.app.search.php]  limit_start: 18  limit_end: 9 
Sunday 11th November 2018 04:29:27 PM [INFO] ::: [api.database.php]  Database connected Successfully 
Sunday 11th November 2018 04:29:32 PM [INFO] ::: [api.database.php]  Database connected Successfully 
Sunday 11th November 2018 04:29:33 PM [INFO] ::: [api.database.php]  Database connected Successfully 
Sunday 11th November 2018 04:29:33 PM [INFO] ::: [api.database.php]  Query(Status-Success) : INSERT INTO match_fav(fav_Id, mob_code, mobile, favProfile_Id, favOn) VALUES ('MFI887665711929','+91','9948390094','CA1121359175732','2018-11-11 16:29:32'); 
Sunday 11th November 2018 04:29:41 PM [INFO] ::: [api.database.php]  Database connected Successfully 
Sunday 11th November 2018 04:29:41 PM [INFO] ::: [api.database.php]  Query(Status-Success) : DELETE FROM match_fav WHERE mob_code='+91' AND mobile='9948390094' AND favProfile_Id='CA1121359175732'; 
Sunday 11th November 2018 04:35:10 PM [INFO] ::: [controller.module.app.search.php]  limit_start: 27  limit_end: 9 
Sunday 11th November 2018 04:35:11 PM [INFO] ::: [api.database.php]  Database connected Successfully 
Sunday 11th November 2018 04:38:15 PM [INFO] ::: [api.database.php]  Database connected Successfully 
Sunday 11th November 2018 04:38:15 PM [INFO] ::: [controller.module.app.search.php]  limit_start: 0  limit_end: 9 
Sunday 11th November 2018 04:38:16 PM [INFO] ::: [api.database.php]  Database connected Successfully 
Sunday 11th November 2018 04:40:31 PM [INFO] ::: [api.database.php]  Database connected Successfully 
Sunday 11th November 2018 04:40:31 PM [INFO] ::: [controller.module.app.search.php]  limit_start: 0  limit_end: 9 
Sunday 11th November 2018 04:40:32 PM [INFO] ::: [api.database.php]  Database connected Successfully 
Sunday 11th November 2018 04:40:35 PM [INFO] ::: [controller.module.app.search.php]  limit_start: 9  limit_end: 9 
Sunday 11th November 2018 04:40:36 PM [INFO] ::: [api.database.php]  Database connected Successfully 
Sunday 11th November 2018 04:40:36 PM [INFO] ::: [controller.module.app.search.php]  limit_start: 18  limit_end: 9 
Sunday 11th November 2018 04:40:37 PM [INFO] ::: [api.database.php]  Database connected Successfully 
Sunday 11th November 2018 04:41:33 PM [INFO] ::: [controller.module.app.search.php]  limit_start: 27  limit_end: 9 
Sunday 11th November 2018 04:41:34 PM [INFO] ::: [api.database.php]  Database connected Successfully 
Sunday 11th November 2018 04:42:23 PM [INFO] ::: [api.database.php]  Database connected Successfully 
Sunday 11th November 2018 04:42:23 PM [INFO] ::: [controller.module.app.search.php]  limit_start: 0  limit_end: 9 
Sunday 11th November 2018 04:42:24 PM [INFO] ::: [api.database.php]  Database connected Successfully 
Sunday 11th November 2018 04:42:25 PM [INFO] ::: [controller.module.app.search.php]  limit_start: 9  limit_end: 9 
Sunday 11th November 2018 04:42:26 PM [INFO] ::: [api.database.php]  Database connected Successfully 
Sunday 11th November 2018 04:42:38 PM [INFO] ::: [controller.module.app.search.php]  limit_start: 18  limit_end: 9 
Sunday 11th November 2018 04:42:39 PM [INFO] ::: [api.database.php]  Database connected Successfully 
Sunday 11th November 2018 04:43:24 PM [INFO] ::: [api.database.php]  Database connected Successfully 
Sunday 11th November 2018 04:43:24 PM [INFO] ::: [controller.module.app.search.php]  limit_start: 0  limit_end: 9 
Sunday 11th November 2018 04:43:25 PM [INFO] ::: [api.database.php]  Database connected Successfully 
Sunday 11th November 2018 04:45:06 PM [INFO] ::: [api.database.php]  Database connected Successfully 
Sunday 11th November 2018 04:45:06 PM [INFO] ::: [controller.module.app.search.php]  limit_start: 0  limit_end: 9 
Sunday 11th November 2018 04:45:07 PM [INFO] ::: [api.database.php]  Database connected Successfully 
Sunday 11th November 2018 04:46:23 PM [INFO] ::: [api.database.php]  Database connected Successfully 
Sunday 11th November 2018 04:46:27 PM [INFO] ::: [api.database.php]  Database connected Successfully 
Sunday 11th November 2018 04:46:30 PM [INFO] ::: [api.database.php]  Database connected Successfully 
Sunday 11th November 2018 04:46:30 PM [INFO] ::: [controller.module.app.search.php]  limit_start: 0  limit_end: 9 
Sunday 11th November 2018 04:46:31 PM [INFO] ::: [api.database.php]  Database connected Successfully 
Sunday 11th November 2018 04:47:10 PM [INFO] ::: [api.database.php]  Database connected Successfully 
Sunday 11th November 2018 04:47:10 PM [INFO] ::: [controller.module.app.search.php]  limit_start: 0  limit_end: 9 
Sunday 11th November 2018 04:47:11 PM [INFO] ::: [api.database.php]  Database connected Successfully 
Sunday 11th November 2018 04:47:26 PM [INFO] ::: [api.database.php]  Database connected Successfully 
Sunday 11th November 2018 04:47:26 PM [INFO] ::: [controller.module.app.search.php]  limit_start: 0  limit_end: 9 
Sunday 11th November 2018 04:47:27 PM [INFO] ::: [api.database.php]  Database connected Successfully 
Sunday 11th November 2018 04:47:40 PM [INFO] ::: [api.database.php]  Database connected Successfully 
Sunday 11th November 2018 04:47:40 PM [INFO] ::: [controller.module.app.search.php]  limit_start: 0  limit_end: 9 
Sunday 11th November 2018 04:47:41 PM [INFO] ::: [api.database.php]  Database connected Successfully 
Sunday 11th November 2018 04:50:11 PM [INFO] ::: [api.database.php]  Database connected Successfully 
Sunday 11th November 2018 04:50:11 PM [INFO] ::: [controller.module.app.search.php]  limit_start: 0  limit_end: 9 
Sunday 11th November 2018 04:50:12 PM [INFO] ::: [api.database.php]  Database connected Successfully 
Sunday 11th November 2018 04:50:15 PM [INFO] ::: [api.database.php]  Database connected Successfully 
Sunday 11th November 2018 04:50:16 PM [INFO] ::: [api.database.php]  Database connected Successfully 
Sunday 11th November 2018 04:50:16 PM [INFO] ::: [api.database.php]  Query(Status-Success) : INSERT INTO match_fav(fav_Id, mob_code, mobile, favProfile_Id, favOn) VALUES ('MFI755191834165','+91','9948390094','CA1121359175732','2018-11-11 16:50:15'); 
Sunday 11th November 2018 04:50:17 PM [INFO] ::: [api.database.php]  Database connected Successfully 
Sunday 11th November 2018 04:50:17 PM [INFO] ::: [api.database.php]  Query(Status-Success) : DELETE FROM match_fav WHERE mob_code='+91' AND mobile='9948390094' AND favProfile_Id='CA1121359175732'; 
Sunday 11th November 2018 04:50:25 PM [INFO] ::: [api.database.php]  Database connected Successfully 
Sunday 11th November 2018 04:50:26 PM [INFO] ::: [api.database.php]  Database connected Successfully 
Sunday 11th November 2018 04:50:26 PM [INFO] ::: [api.database.php]  Query(Status-Success) : INSERT INTO match_fav(fav_Id, mob_code, mobile, favProfile_Id, favOn) VALUES ('MFI118553456236','+91','9948390094','CA1121359175732','2018-11-11 16:50:25'); 
Sunday 11th November 2018 04:50:27 PM [INFO] ::: [api.database.php]  Database connected Successfully 
Sunday 11th November 2018 04:50:27 PM [INFO] ::: [controller.module.app.search.php]  limit_start: 0  limit_end: 9 
Sunday 11th November 2018 04:50:28 PM [INFO] ::: [api.database.php]  Database connected Successfully 
Sunday 11th November 2018 04:51:09 PM [INFO] ::: [api.database.php]  Database connected Successfully 
Sunday 11th November 2018 04:51:09 PM [INFO] ::: [controller.module.app.search.php]  limit_start: 0  limit_end: 9 
Sunday 11th November 2018 04:51:10 PM [INFO] ::: [api.database.php]  Database connected Successfully 
Sunday 11th November 2018 04:52:35 PM [INFO] ::: [api.database.php]  Database connected Successfully 
Sunday 11th November 2018 04:52:35 PM [INFO] ::: [controller.module.app.search.php]  limit_start: 0  limit_end: 9 
Sunday 11th November 2018 04:52:36 PM [INFO] ::: [api.database.php]  Database connected Successfully 
Sunday 11th November 2018 04:52:44 PM [INFO] ::: [api.database.php]  Database connected Successfully 
Sunday 11th November 2018 04:52:45 PM [INFO] ::: [api.database.php]  Database connected Successfully 
Sunday 11th November 2018 04:52:47 PM [INFO] ::: [api.database.php]  Database connected Successfully 
Sunday 11th November 2018 04:52:47 PM [INFO] ::: [controller.module.app.search.php]  limit_start: 0  limit_end: 9 
Sunday 11th November 2018 04:52:48 PM [INFO] ::: [api.database.php]  Database connected Successfully 
Sunday 11th November 2018 04:53:41 PM [INFO] ::: [api.database.php]  Database connected Successfully 
Sunday 11th November 2018 04:53:41 PM [INFO] ::: [controller.module.app.search.php]  limit_start: 0  limit_end: 9 
Sunday 11th November 2018 04:53:42 PM [INFO] ::: [api.database.php]  Database connected Successfully 
Sunday 11th November 2018 05:00:56 PM [INFO] ::: [api.database.php]  Database connected Successfully 
Sunday 11th November 2018 05:00:56 PM [INFO] ::: [controller.module.app.search.php]  limit_start: 0  limit_end: 9 
Sunday 11th November 2018 05:00:57 PM [INFO] ::: [api.database.php]  Database connected Successfully 
Sunday 11th November 2018 05:04:05 PM [INFO] ::: [api.database.php]  Database connected Successfully 
Sunday 11th November 2018 05:04:05 PM [INFO] ::: [controller.module.app.search.php]  limit_start: 0  limit_end: 9 
Sunday 11th November 2018 05:04:06 PM [INFO] ::: [api.database.php]  Database connected Successfully 
Sunday 11th November 2018 05:04:11 PM [INFO] ::: [api.database.php]  Database connected Successfully 
Sunday 11th November 2018 05:20:21 PM [INFO] ::: [api.database.php]  Database connected Successfully 
Sunday 11th November 2018 05:20:24 PM [INFO] ::: [api.database.php]  Database connected Successfully 
Sunday 11th November 2018 05:20:25 PM [INFO] ::: [controller.module.app.search.php]  limit_start: 0  limit_end: 9 
Sunday 11th November 2018 05:20:26 PM [INFO] ::: [api.database.php]  Database connected Successfully 
Sunday 11th November 2018 05:20:28 PM [INFO] ::: [api.database.php]  Database connected Successfully 
Sunday 11th November 2018 05:20:28 PM [INFO] ::: [api.database.php]  Query(Status-Error) :  
Sunday 11th November 2018 05:23:18 PM [INFO] ::: [api.database.php]  Database connected Successfully 
Sunday 11th November 2018 05:23:18 PM [INFO] ::: [controller.module.app.search.php]  limit_start: 0  limit_end: 9 
Sunday 11th November 2018 05:23:19 PM [INFO] ::: [api.database.php]  Database connected Successfully 
Sunday 11th November 2018 05:23:23 PM [INFO] ::: [api.database.php]  Database connected Successfully 
Sunday 11th November 2018 05:23:23 PM [INFO] ::: [api.database.php]  Query(Status-Error) :  
Sunday 11th November 2018 05:24:19 PM [INFO] ::: [api.database.php]  Database connected Successfully 
Sunday 11th November 2018 05:24:19 PM [INFO] ::: [controller.module.app.search.php]  limit_start: 0  limit_end: 9 
Sunday 11th November 2018 05:24:20 PM [INFO] ::: [api.database.php]  Database connected Successfully 
Sunday 11th November 2018 05:24:23 PM [INFO] ::: [api.database.php]  Database connected Successfully 
Sunday 11th November 2018 05:24:23 PM [INFO] ::: [api.database.php]  Query(Status-Success) : DELETE FROM match_fav WHERE favProfile_Id='CA1121359175732';DELETE FROM match_list WHERE maleUserId='CA1121359175732' OR femaleUserId='CA1121359175732';DELETE FROM customer_views WHERE user_Id='CA1121359175732';DELETE FROM customer_preferences WHERE account_Id='CA1121359175732';DELETE FROM customer_family WHERE account_Id='CA1121359175732';DELETE FROM customer_contact WHERE account_Id='CA1121359175732';DELETE FROM customer_birth WHERE account_Id='CA1121359175732';DELETE FROM customer_balance WHERE account_Id='CA1121359175732';DELETE FROM customer_account WHERE account_Id='CA1121359175732'; 
Sunday 11th November 2018 05:24:26 PM [INFO] ::: [api.database.php]  Database connected Successfully 
Sunday 11th November 2018 05:24:26 PM [INFO] ::: [controller.module.app.search.php]  limit_start: 0  limit_end: 9 
Sunday 11th November 2018 05:24:27 PM [INFO] ::: [api.database.php]  Database connected Successfully 
Sunday 11th November 2018 05:25:32 PM [INFO] ::: [api.database.php]  Database connected Successfully 
Sunday 11th November 2018 05:29:29 PM [INFO] ::: [api.database.php]  Database connected Successfully 
Sunday 11th November 2018 05:29:29 PM [INFO] ::: [controller.module.app.search.php]  limit_start: 0  limit_end: 9 
Sunday 11th November 2018 05:29:30 PM [INFO] ::: [api.database.php]  Database connected Successfully 
Sunday 11th November 2018 05:34:58 PM [INFO] ::: [api.database.php]  Database connected Successfully 
Sunday 11th November 2018 05:34:58 PM [INFO] ::: [controller.module.app.search.php]  limit_start: 0  limit_end: 9 
Sunday 11th November 2018 05:34:59 PM [INFO] ::: [api.database.php]  Database connected Successfully 
Sunday 11th November 2018 05:35:00 PM [INFO] ::: [controller.module.app.search.php]  limit_start: 9  limit_end: 9 
Sunday 11th November 2018 05:35:01 PM [INFO] ::: [api.database.php]  Database connected Successfully 
Sunday 11th November 2018 05:35:01 PM [INFO] ::: [controller.module.app.search.php]  limit_start: 18  limit_end: 9 
Sunday 11th November 2018 05:35:02 PM [INFO] ::: [api.database.php]  Database connected Successfully 
Sunday 11th November 2018 05:35:02 PM [INFO] ::: [controller.module.app.search.php]  limit_start: 27  limit_end: 9 
Sunday 11th November 2018 05:35:03 PM [INFO] ::: [api.database.php]  Database connected Successfully 
Sunday 11th November 2018 05:42:28 PM [INFO] ::: [api.database.php]  Database connected Successfully 
Sunday 11th November 2018 05:42:28 PM [INFO] ::: [controller.module.app.search.php]  limit_start: 0  limit_end: 9 
Sunday 11th November 2018 05:42:29 PM [INFO] ::: [api.database.php]  Database connected Successfully 
Sunday 11th November 2018 05:44:45 PM [INFO] ::: [api.database.php]  Database connected Successfully 
Sunday 11th November 2018 05:45:32 PM [INFO] ::: [api.database.php]  Database connected Successfully 
Sunday 11th November 2018 05:45:44 PM [INFO] ::: [api.database.php]  Database connected Successfully 
Sunday 11th November 2018 05:45:58 PM [INFO] ::: [api.database.php]  Database connected Successfully 
Sunday 9th December 2018 07:56:09 PM [INFO] ::: [api.database.php]  Database connected Successfully 
Saturday 22nd December 2018 05:29:24 PM [INFO] ::: [api.database.php]  Database connected Successfully 
Saturday 22nd December 2018 05:40:33 PM [INFO] ::: [api.database.php]  Database connected Successfully 
Saturday 22nd December 2018 05:40:34 PM [INFO] ::: [api.database.php]  Database connected Successfully 
Saturday 22nd December 2018 05:40:35 PM [INFO] ::: [api.database.php]  Database connected Successfully 
Saturday 22nd December 2018 05:40:36 PM [INFO] ::: [api.database.php]  Database connected Successfully 
Saturday 22nd December 2018 05:40:37 PM [INFO] ::: [api.database.php]  Database connected Successfully 
Saturday 22nd December 2018 05:40:38 PM [INFO] ::: [api.database.php]  Database connected Successfully 
Saturday 22nd December 2018 05:40:40 PM [INFO] ::: [api.database.php]  Database connected Successfully 
Sunday 23rd December 2018 01:36:29 PM [INFO] ::: [api.database.php]  Database connected Successfully 
Sunday 23rd December 2018 01:36:30 PM [INFO] ::: [api.database.php]  Database connected Successfully 
Sunday 23rd December 2018 01:36:31 PM [INFO] ::: [api.database.php]  Database connected Successfully 
Sunday 23rd December 2018 01:36:32 PM [INFO] ::: [api.database.php]  Database connected Successfully 
Sunday 23rd December 2018 01:36:33 PM [INFO] ::: [api.database.php]  Database connected Successfully 
Sunday 23rd December 2018 01:36:34 PM [INFO] ::: [api.database.php]  Database connected Successfully 
Sunday 23rd December 2018 01:36:35 PM [INFO] ::: [api.database.php]  Database connected Successfully 
Sunday 23rd December 2018 01:39:10 PM [INFO] ::: [api.database.php]  Database connected Successfully 
Sunday 23rd December 2018 01:39:11 PM [INFO] ::: [api.database.php]  Database connected Successfully 
Sunday 23rd December 2018 01:39:12 PM [INFO] ::: [api.database.php]  Database connected Successfully 
Sunday 23rd December 2018 01:39:13 PM [INFO] ::: [api.database.php]  Database connected Successfully 
Sunday 23rd December 2018 01:39:14 PM [INFO] ::: [api.database.php]  Database connected Successfully 
Sunday 23rd December 2018 01:39:15 PM [INFO] ::: [api.database.php]  Database connected Successfully 
Sunday 23rd December 2018 01:39:16 PM [INFO] ::: [api.database.php]  Database connected Successfully 
Sunday 23rd December 2018 01:43:53 PM [INFO] ::: [api.database.php]  Database connected Successfully 
Sunday 23rd December 2018 01:43:54 PM [INFO] ::: [api.database.php]  Database connected Successfully 
Sunday 23rd December 2018 01:43:55 PM [INFO] ::: [api.database.php]  Database connected Successfully 
Sunday 23rd December 2018 01:43:56 PM [INFO] ::: [api.database.php]  Database connected Successfully 
Sunday 23rd December 2018 01:43:57 PM [INFO] ::: [api.database.php]  Database connected Successfully 
Sunday 23rd December 2018 01:43:58 PM [INFO] ::: [api.database.php]  Database connected Successfully 
Sunday 23rd December 2018 01:43:59 PM [INFO] ::: [api.database.php]  Database connected Successfully 
Sunday 23rd December 2018 03:07:54 PM [INFO] ::: [api.database.php]  Database connected Successfully 
Sunday 23rd December 2018 03:07:54 PM [INFO] ::: [api.database.php]  Query(Status-Success) : INSERT INTO customer_balance(mobile, name, balance, acc_pwd) VALUES ('9160869337','NL.N.Rao','0','4ffb3f579c4c5fa69b6e5ea055779c9d') 
Sunday 23rd December 2018 05:00:56 PM [INFO] ::: [api.database.php]  Database connected Successfully 
Sunday 23rd December 2018 05:00:56 PM [INFO] ::: [api.database.php]  Query(Status-Error) : INSERT INTO customer_balance(mob_code, mobile, surName, name, balance, acc_pwd) VALUES ('+91','9160869337','Nellutla','L N Rao','0','4ffb3f579c4c5fa69b6e5ea055779c9d') 
Sunday 23rd December 2018 05:01:38 PM [INFO] ::: [api.database.php]  Database connected Successfully 
Sunday 23rd December 2018 05:01:38 PM [INFO] ::: [api.database.php]  Query(Status-Error) : INSERT INTO customer_balance(mob_code, mobile, surName, name, balance, acc_pwd) VALUES ('+91','9160869337','Nellutla','L N Rao','0','4ffb3f579c4c5fa69b6e5ea055779c9d') 
Sunday 23rd December 2018 05:39:39 PM [INFO] ::: [api.database.php]  Database connected Successfully 
Sunday 23rd December 2018 05:39:39 PM [INFO] ::: [api.database.php]  Query(Status-Success) : UPDATE customer_balance SET surName='Nellutla', name='L N Rao123', balance='' WHERE mobile='9160869337'; 
Sunday 23rd December 2018 05:40:36 PM [INFO] ::: [api.database.php]  Database connected Successfully 
Sunday 23rd December 2018 05:40:36 PM [INFO] ::: [api.database.php]  Query(Status-Success) : UPDATE customer_balance SET surName='Nellutla', name='L N Rao123', balance='' WHERE mobile='9160869337'; 
Sunday 23rd December 2018 05:42:33 PM [INFO] ::: [api.database.php]  Database connected Successfully 
Sunday 23rd December 2018 05:42:34 PM [INFO] ::: [api.database.php]  Query(Status-Success) : UPDATE customer_balance SET surName='Nellutla', name='L N Rao123', balance='' WHERE mobile='9160869337'; 
Sunday 23rd December 2018 05:43:20 PM [INFO] ::: [api.database.php]  Database connected Successfully 
Sunday 23rd December 2018 05:43:20 PM [INFO] ::: [api.database.php]  Query(Status-Success) : UPDATE customer_balance SET surName='Nellutla', name='L N Rao123', balance='' WHERE mobile='9160869337'; 
Sunday 23rd December 2018 05:58:13 PM [INFO] ::: [api.database.php]  Database connected Successfully 
Sunday 23rd December 2018 05:58:13 PM [INFO] ::: [api.database.php]  Query(Status-Error) : UPDATE customer_balance SET WHERE mobile='6300193367'; 
Sunday 23rd December 2018 06:02:35 PM [INFO] ::: [api.database.php]  Database connected Successfully 
Sunday 23rd December 2018 06:02:35 PM [INFO] ::: [api.database.php]  Query(Status-Success) : UPDATE customer_balance SET mobile='6300193369' WHERE mobile='9160869337'; 
Sunday 23rd December 2018 06:03:34 PM [INFO] ::: [api.database.php]  Database connected Successfully 
Sunday 23rd December 2018 06:03:34 PM [INFO] ::: [api.database.php]  Query(Status-Success) : UPDATE customer_balance SET mobile='6300193369' WHERE mobile=''; 
Sunday 23rd December 2018 06:08:10 PM [INFO] ::: [api.database.php]  Database connected Successfully 
Sunday 23rd December 2018 06:08:10 PM [INFO] ::: [api.database.php]  Query(Status-Success) : UPDATE customer_balance SET mobile='9160869337' WHERE mobile='6300193369'; 
Sunday 23rd December 2018 06:26:32 PM [INFO] ::: [api.database.php]  Database connected Successfully 
Sunday 23rd December 2018 06:26:32 PM [INFO] ::: [api.database.php]  Query(Status-Success) : UPDATE customer_balance SET mobile='6300193369' WHERE mobile='9160869337'; 
Sunday 23rd December 2018 06:27:23 PM [INFO] ::: [api.database.php]  Database connected Successfully 
Sunday 23rd December 2018 06:27:23 PM [INFO] ::: [api.database.php]  Query(Status-Success) : UPDATE customer_balance SET surName='Nellutla', mobile='6300193369', name='L N Rao123' WHERE mobile='9160869337'; 
Sunday 23rd December 2018 06:41:15 PM [INFO] ::: [api.database.php]  Database connected Successfully 
Sunday 23rd December 2018 06:41:15 PM [INFO] ::: [api.database.php]  Query(Status-Success) : UPDATE customer_balance SET surName='Nellutla', mobile='6300193369', name='L N Rao123' WHERE mobile='9160869337'; 
Sunday 23rd December 2018 06:43:54 PM [INFO] ::: [api.database.php]  Database connected Successfully 
Sunday 23rd December 2018 06:43:54 PM [INFO] ::: [api.database.php]  Query(Status-Success) : UPDATE customer_balance SET surName='Nellutla', mobile='9160869337', name='L N Rao123' WHERE mobile='6300193369'; 
Sunday 23rd December 2018 06:44:31 PM [INFO] ::: [api.database.php]  Database connected Successfully 
Sunday 23rd December 2018 06:44:31 PM [INFO] ::: [api.database.php]  Query(Status-Success) : UPDATE customer_balance SET surName='Nellutla', name='L N Rao123' WHERE mobile='6300193369'; 
Sunday 23rd December 2018 06:44:42 PM [INFO] ::: [api.database.php]  Database connected Successfully 
Sunday 23rd December 2018 06:44:42 PM [INFO] ::: [api.database.php]  Query(Status-Success) : UPDATE customer_balance SET surName='Nellutla', mobile='9160869337', name='L N Rao123' WHERE mobile='6300193369'; 
Sunday 23rd December 2018 06:44:51 PM [INFO] ::: [api.database.php]  Database connected Successfully 
Sunday 23rd December 2018 06:44:51 PM [INFO] ::: [api.database.php]  Query(Status-Success) : UPDATE customer_balance SET surName='Nellutla', mobile='9160869337', name='L N Rao123' WHERE mobile='6300193369'; 
Sunday 23rd December 2018 06:49:22 PM [INFO] ::: [api.database.php]  Database connected Successfully 
Sunday 23rd December 2018 06:49:22 PM [INFO] ::: [api.database.php]  Query(Status-Success) : UPDATE customer_balance SET surName='Nellutla', mobile='6300193369', name='L N Rao123' WHERE mobile='9160869337'; 
